2020-04-14T12:27:31+00:00 CRITICAL Uncaught Error: Class 'Custom_Walker_Nav_Menu' not found in /Volumes/Work/Beetroot/e-Shop/wp-content/themes/e-Shop/template-parts/category.php:163
Stack trace:
#0 /Volumes/Work/Beetroot/e-Shop/wp-includes/template.php(725): require()
#1 /Volumes/Work/Beetroot/e-Shop/wp-includes/template.php(672): load_template('/Volumes/Work/B...', false)
#2 /Volumes/Work/Beetroot/e-Shop/wp-includes/general-template.php(168): locate_template(Array, true, false)
#3 /Volumes/Work/Beetroot/e-Shop/wp-content/themes/e-Shop/index.php(6): get_template_part('template-parts/...')
#4 /Volumes/Work/Beetroot/e-Shop/wp-includes/template-loader.php(106): include('/Volumes/Work/B...')
#5 /Volumes/Work/Beetroot/e-Shop/wp-blog-header.php(19): require_once('/Volumes/Work/B...')
#6 /Volumes/Work/Beetroot/e-Shop/index.php(17): require('/Volumes/Work/B...')
#7 {main}
  thrown у /Volumes/Work/Beetroot/e-Shop/wp-content/themes/e-Shop/template-parts/category.php доступно 163

2020-04-14T12:27:38+00:00 CRITICAL Uncaught Error: Class 'Custom_Walker_Nav_Menu' not found in /Volumes/Work/Beetroot/e-Shop/wp-content/themes/e-Shop/template-parts/category.php:163
Stack trace:
#0 /Volumes/Work/Beetroot/e-Shop/wp-includes/template.php(725): require()
#1 /Volumes/Work/Beetroot/e-Shop/wp-includes/template.php(672): load_template('/Volumes/Work/B...', false)
#2 /Volumes/Work/Beetroot/e-Shop/wp-includes/general-template.php(168): locate_template(Array, true, false)
#3 /Volumes/Work/Beetroot/e-Shop/wp-content/themes/e-Shop/index.php(6): get_template_part('template-parts/...')
#4 /Volumes/Work/Beetroot/e-Shop/wp-includes/template-loader.php(106): include('/Volumes/Work/B...')
#5 /Volumes/Work/Beetroot/e-Shop/wp-blog-header.php(19): require_once('/Volumes/Work/B...')
#6 /Volumes/Work/Beetroot/e-Shop/index.php(17): require('/Volumes/Work/B...')
#7 {main}
  thrown у /Volumes/Work/Beetroot/e-Shop/wp-content/themes/e-Shop/template-parts/category.php доступно 163

2020-04-14T12:28:19+00:00 CRITICAL Uncaught Error: Class 'Custom_Walker_Nav_Menu' not found in /Volumes/Work/Beetroot/e-Shop/wp-content/themes/e-Shop/template-parts/category.php:163
Stack trace:
#0 /Volumes/Work/Beetroot/e-Shop/wp-includes/template.php(725): require()
#1 /Volumes/Work/Beetroot/e-Shop/wp-includes/template.php(672): load_template('/Volumes/Work/B...', false)
#2 /Volumes/Work/Beetroot/e-Shop/wp-includes/general-template.php(168): locate_template(Array, true, false)
#3 /Volumes/Work/Beetroot/e-Shop/wp-content/themes/e-Shop/index.php(6): get_template_part('template-parts/...')
#4 /Volumes/Work/Beetroot/e-Shop/wp-includes/template-loader.php(106): include('/Volumes/Work/B...')
#5 /Volumes/Work/Beetroot/e-Shop/wp-blog-header.php(19): require_once('/Volumes/Work/B...')
#6 /Volumes/Work/Beetroot/e-Shop/index.php(17): require('/Volumes/Work/B...')
#7 {main}
  thrown у /Volumes/Work/Beetroot/e-Shop/wp-content/themes/e-Shop/template-parts/category.php доступно 163

2020-04-14T12:28:25+00:00 CRITICAL Uncaught Error: Class 'Custom_Walker_Nav_Menu' not found in /Volumes/Work/Beetroot/e-Shop/wp-content/themes/e-Shop/template-parts/category.php:163
Stack trace:
#0 /Volumes/Work/Beetroot/e-Shop/wp-includes/template.php(725): require()
#1 /Volumes/Work/Beetroot/e-Shop/wp-includes/template.php(672): load_template('/Volumes/Work/B...', false)
#2 /Volumes/Work/Beetroot/e-Shop/wp-includes/general-template.php(168): locate_template(Array, true, false)
#3 /Volumes/Work/Beetroot/e-Shop/wp-content/themes/e-Shop/index.php(6): get_template_part('template-parts/...')
#4 /Volumes/Work/Beetroot/e-Shop/wp-includes/template-loader.php(106): include('/Volumes/Work/B...')
#5 /Volumes/Work/Beetroot/e-Shop/wp-blog-header.php(19): require_once('/Volumes/Work/B...')
#6 /Volumes/Work/Beetroot/e-Shop/index.php(17): require('/Volumes/Work/B...')
#7 {main}
  thrown у /Volumes/Work/Beetroot/e-Shop/wp-content/themes/e-Shop/template-parts/category.php доступно 163

2020-04-14T14:08:21+00:00 CRITICAL Uncaught Error: Call to a member function get_cart_url() on null in /Volumes/Work/Beetroot/e-Shop/wp-content/themes/e-Shop/header.php:147
Stack trace:
#0 /Volumes/Work/Beetroot/e-Shop/wp-includes/template.php(723): require_once()
#1 /Volumes/Work/Beetroot/e-Shop/wp-includes/template.php(672): load_template('/Volumes/Work/B...', true)
#2 /Volumes/Work/Beetroot/e-Shop/wp-includes/general-template.php(41): locate_template(Array, true)
#3 /Volumes/Work/Beetroot/e-Shop/wp-content/themes/e-Shop/index.php(1): get_header()
#4 /Volumes/Work/Beetroot/e-Shop/wp-includes/template-loader.php(106): include('/Volumes/Work/B...')
#5 /Volumes/Work/Beetroot/e-Shop/wp-blog-header.php(19): require_once('/Volumes/Work/B...')
#6 /Volumes/Work/Beetroot/e-Shop/index.php(17): require('/Volumes/Work/B...')
#7 {main}
  thrown у /Volumes/Work/Beetroot/e-Shop/wp-content/themes/e-Shop/header.php доступно 147

2020-04-14T14:08:28+00:00 CRITICAL Uncaught Error: Call to a member function get_cart_url() on null in /Volumes/Work/Beetroot/e-Shop/wp-content/themes/e-Shop/header.php:147
Stack trace:
#0 /Volumes/Work/Beetroot/e-Shop/wp-includes/template.php(723): require_once()
#1 /Volumes/Work/Beetroot/e-Shop/wp-includes/template.php(672): load_template('/Volumes/Work/B...', true)
#2 /Volumes/Work/Beetroot/e-Shop/wp-includes/general-template.php(41): locate_template(Array, true)
#3 /Volumes/Work/Beetroot/e-Shop/wp-content/themes/e-Shop/index.php(1): get_header()
#4 /Volumes/Work/Beetroot/e-Shop/wp-includes/template-loader.php(106): include('/Volumes/Work/B...')
#5 /Volumes/Work/Beetroot/e-Shop/wp-blog-header.php(19): require_once('/Volumes/Work/B...')
#6 /Volumes/Work/Beetroot/e-Shop/index.php(17): require('/Volumes/Work/B...')
#7 {main}
  thrown у /Volumes/Work/Beetroot/e-Shop/wp-content/themes/e-Shop/header.php доступно 147

2020-04-14T15:44:33+00:00 CRITICAL syntax error, unexpected '<', expecting end of file у /Volumes/Work/Beetroot/e-Shop/wp-content/themes/e-Shop/woocommerce/archive-product.php доступно 3

2020-04-14T15:44:41+00:00 CRITICAL syntax error, unexpected '<', expecting end of file у /Volumes/Work/Beetroot/e-Shop/wp-content/themes/e-Shop/woocommerce/archive-product.php доступно 3

2020-04-14T16:02:22+00:00 CRITICAL Object of class WC_Cart could not be converted to string у /Volumes/Work/Beetroot/e-Shop/wp-content/themes/e-Shop/header.php доступно 128

2020-04-14T16:02:31+00:00 CRITICAL Object of class WC_Cart could not be converted to string у /Volumes/Work/Beetroot/e-Shop/wp-content/themes/e-Shop/header.php доступно 128

2020-04-14T17:00:04+00:00 CRITICAL Uncaught Error: Call to undefined function get_navigation() in /Volumes/Work/Beetroot/e-Shop/wp-content/themes/e-Shop/header.php:169
Stack trace:
#0 /Volumes/Work/Beetroot/e-Shop/wp-includes/template.php(723): require_once()
#1 /Volumes/Work/Beetroot/e-Shop/wp-includes/template.php(672): load_template('/Volumes/Work/B...', true)
#2 /Volumes/Work/Beetroot/e-Shop/wp-includes/general-template.php(41): locate_template(Array, true)
#3 /Volumes/Work/Beetroot/e-Shop/wp-content/themes/e-Shop/woocommerce/archive-product.php(3): get_header()
#4 /Volumes/Work/Beetroot/e-Shop/wp-includes/template-loader.php(106): include('/Volumes/Work/B...')
#5 /Volumes/Work/Beetroot/e-Shop/wp-blog-header.php(19): require_once('/Volumes/Work/B...')
#6 /Volumes/Work/Beetroot/e-Shop/index.php(17): require('/Volumes/Work/B...')
#7 {main}
  thrown у /Volumes/Work/Beetroot/e-Shop/wp-content/themes/e-Shop/header.php доступно 169

2020-04-14T17:02:16+00:00 CRITICAL Uncaught Error: Call to undefined function get_navigation() in /Volumes/Work/Beetroot/e-Shop/wp-content/themes/e-Shop/header.php:169
Stack trace:
#0 /Volumes/Work/Beetroot/e-Shop/wp-includes/template.php(723): require_once()
#1 /Volumes/Work/Beetroot/e-Shop/wp-includes/template.php(672): load_template('/Volumes/Work/B...', true)
#2 /Volumes/Work/Beetroot/e-Shop/wp-includes/general-template.php(41): locate_template(Array, true)
#3 /Volumes/Work/Beetroot/e-Shop/wp-content/themes/e-Shop/woocommerce/archive-product.php(3): get_header()
#4 /Volumes/Work/Beetroot/e-Shop/wp-includes/template-loader.php(106): include('/Volumes/Work/B...')
#5 /Volumes/Work/Beetroot/e-Shop/wp-blog-header.php(19): require_once('/Volumes/Work/B...')
#6 /Volumes/Work/Beetroot/e-Shop/index.php(17): require('/Volumes/Work/B...')
#7 {main}
  thrown у /Volumes/Work/Beetroot/e-Shop/wp-content/themes/e-Shop/header.php доступно 169

2020-04-14T17:02:21+00:00 CRITICAL Uncaught Error: Call to undefined function get_navigation() in /Volumes/Work/Beetroot/e-Shop/wp-content/themes/e-Shop/header.php:169
Stack trace:
#0 /Volumes/Work/Beetroot/e-Shop/wp-includes/template.php(723): require_once()
#1 /Volumes/Work/Beetroot/e-Shop/wp-includes/template.php(672): load_template('/Volumes/Work/B...', true)
#2 /Volumes/Work/Beetroot/e-Shop/wp-includes/general-template.php(41): locate_template(Array, true)
#3 /Volumes/Work/Beetroot/e-Shop/wp-content/themes/e-Shop/woocommerce/archive-product.php(3): get_header()
#4 /Volumes/Work/Beetroot/e-Shop/wp-includes/template-loader.php(106): include('/Volumes/Work/B...')
#5 /Volumes/Work/Beetroot/e-Shop/wp-blog-header.php(19): require_once('/Volumes/Work/B...')
#6 /Volumes/Work/Beetroot/e-Shop/index.php(17): require('/Volumes/Work/B...')
#7 {main}
  thrown у /Volumes/Work/Beetroot/e-Shop/wp-content/themes/e-Shop/header.php доступно 169

2020-04-14T17:02:26+00:00 CRITICAL Uncaught Error: Call to undefined function get_navigation() in /Volumes/Work/Beetroot/e-Shop/wp-content/themes/e-Shop/header.php:169
Stack trace:
#0 /Volumes/Work/Beetroot/e-Shop/wp-includes/template.php(723): require_once()
#1 /Volumes/Work/Beetroot/e-Shop/wp-includes/template.php(672): load_template('/Volumes/Work/B...', true)
#2 /Volumes/Work/Beetroot/e-Shop/wp-includes/general-template.php(41): locate_template(Array, true)
#3 /Volumes/Work/Beetroot/e-Shop/wp-content/themes/e-Shop/woocommerce/archive-product.php(3): get_header()
#4 /Volumes/Work/Beetroot/e-Shop/wp-includes/template-loader.php(106): include('/Volumes/Work/B...')
#5 /Volumes/Work/Beetroot/e-Shop/wp-blog-header.php(19): require_once('/Volumes/Work/B...')
#6 /Volumes/Work/Beetroot/e-Shop/index.php(17): require('/Volumes/Work/B...')
#7 {main}
  thrown у /Volumes/Work/Beetroot/e-Shop/wp-content/themes/e-Shop/header.php доступно 169

