2020-04-19T11:46:23+00:00 CRITICAL syntax error, unexpected 'endforeach' (T_ENDFOREACH) у /Volumes/Work/Beetroot/e-Shop/wp-content/plugins/woocommerce/templates/single-product/tabs/tabs.php доступно 51

2020-04-19T11:53:45+00:00 CRITICAL Uncaught Error: Call to undefined function wc_get_rating_htm() in /Volumes/Work/Beetroot/e-Shop/wp-content/themes/e-Shop/woocommerce/content-single-product.php:560
Stack trace:
#0 /Volumes/Work/Beetroot/e-Shop/wp-includes/template.php(725): require()
#1 /Volumes/Work/Beetroot/e-Shop/wp-content/plugins/woocommerce/includes/wc-core-functions.php(197): load_template('/Volumes/Work/B...', false)
#2 /Volumes/Work/Beetroot/e-Shop/wp-content/themes/e-Shop/woocommerce/single-product.php(10): wc_get_template_part('content', 'single-product')
#3 /Volumes/Work/Beetroot/e-Shop/wp-includes/template-loader.php(106): include('/Volumes/Work/B...')
#4 /Volumes/Work/Beetroot/e-Shop/wp-blog-header.php(19): require_once('/Volumes/Work/B...')
#5 /Volumes/Work/Beetroot/e-Shop/index.php(17): require('/Volumes/Work/B...')
#6 {main}
  thrown у /Volumes/Work/Beetroot/e-Shop/wp-content/themes/e-Shop/woocommerce/content-single-product.php доступно 560

2020-04-19T11:55:29+00:00 CRITICAL Uncaught Error: Call to undefined function wc_get_rating_htm() in /Volumes/Work/Beetroot/e-Shop/wp-content/themes/e-Shop/woocommerce/content-single-product.php:560
Stack trace:
#0 /Volumes/Work/Beetroot/e-Shop/wp-includes/template.php(725): require()
#1 /Volumes/Work/Beetroot/e-Shop/wp-content/plugins/woocommerce/includes/wc-core-functions.php(197): load_template('/Volumes/Work/B...', false)
#2 /Volumes/Work/Beetroot/e-Shop/wp-content/themes/e-Shop/woocommerce/single-product.php(10): wc_get_template_part('content', 'single-product')
#3 /Volumes/Work/Beetroot/e-Shop/wp-includes/template-loader.php(106): include('/Volumes/Work/B...')
#4 /Volumes/Work/Beetroot/e-Shop/wp-blog-header.php(19): require_once('/Volumes/Work/B...')
#5 /Volumes/Work/Beetroot/e-Shop/index.php(17): require('/Volumes/Work/B...')
#6 {main}
  thrown у /Volumes/Work/Beetroot/e-Shop/wp-content/themes/e-Shop/woocommerce/content-single-product.php доступно 560

2020-04-19T12:00:31+00:00 CRITICAL syntax error, unexpected '<', expecting end of file у /Volumes/Work/Beetroot/e-Shop/wp-content/themes/e-Shop/woocommerce/content-single-product.php доступно 560

2020-04-19T12:05:37+00:00 CRITICAL Uncaught Error: Call to a member function get_review_count() on string in /Volumes/Work/Beetroot/e-Shop/wp-content/themes/e-Shop/template-parts/review.php:69
Stack trace:
#0 /Volumes/Work/Beetroot/e-Shop/wp-includes/template.php(725): require()
#1 /Volumes/Work/Beetroot/e-Shop/wp-includes/template.php(672): load_template('/Volumes/Work/B...', false)
#2 /Volumes/Work/Beetroot/e-Shop/wp-includes/general-template.php(168): locate_template(Array, true, false)
#3 /Volumes/Work/Beetroot/e-Shop/wp-content/themes/e-Shop/woocommerce/content-single-product.php(342): get_template_part('template-parts/...')
#4 /Volumes/Work/Beetroot/e-Shop/wp-includes/template.php(725): require('/Volumes/Work/B...')
#5 /Volumes/Work/Beetroot/e-Shop/wp-content/plugins/woocommerce/includes/wc-core-functions.php(197): load_template('/Volumes/Work/B...', false)
#6 /Volumes/Work/Beetroot/e-Shop/wp-content/themes/e-Shop/woocommerce/single-product.php(10): wc_get_template_part('content', 'single-product')
#7 /Volumes/Work/Beetroot/e-Shop/wp-inc у /Volumes/Work/Beetroot/e-Shop/wp-content/themes/e-Shop/template-parts/review.php доступно 69

2020-04-19T12:06:12+00:00 CRITICAL Uncaught Error: Call to a member function get_review_count() on string in /Volumes/Work/Beetroot/e-Shop/wp-content/themes/e-Shop/template-parts/review.php:70
Stack trace:
#0 /Volumes/Work/Beetroot/e-Shop/wp-includes/template.php(725): require()
#1 /Volumes/Work/Beetroot/e-Shop/wp-includes/template.php(672): load_template('/Volumes/Work/B...', false)
#2 /Volumes/Work/Beetroot/e-Shop/wp-includes/general-template.php(168): locate_template(Array, true, false)
#3 /Volumes/Work/Beetroot/e-Shop/wp-content/themes/e-Shop/woocommerce/content-single-product.php(342): get_template_part('template-parts/...')
#4 /Volumes/Work/Beetroot/e-Shop/wp-includes/template.php(725): require('/Volumes/Work/B...')
#5 /Volumes/Work/Beetroot/e-Shop/wp-content/plugins/woocommerce/includes/wc-core-functions.php(197): load_template('/Volumes/Work/B...', false)
#6 /Volumes/Work/Beetroot/e-Shop/wp-content/themes/e-Shop/woocommerce/single-product.php(10): wc_get_template_part('content', 'single-product')
#7 /Volumes/Work/Beetroot/e-Shop/wp-inc у /Volumes/Work/Beetroot/e-Shop/wp-content/themes/e-Shop/template-parts/review.php доступно 70

