2020-05-13T13:25:22+00:00 CRITICAL Uncaught Error: Call to a member function get_price_html() on null in /Volumes/Work/Beetroot/e-Shop/wp-content/themes/e-Shop/template-parts/small-product-item.php:16
Stack trace:
#0 /Volumes/Work/Beetroot/e-Shop/wp-includes/template.php(725): require()
#1 /Volumes/Work/Beetroot/e-Shop/wp-includes/template.php(672): load_template('/Volumes/Work/B...', false)
#2 /Volumes/Work/Beetroot/e-Shop/wp-includes/general-template.php(168): locate_template(Array, true, false)
#3 /Volumes/Work/Beetroot/e-Shop/wp-content/themes/e-Shop/template-parts/small-product-area.php(35): get_template_part('template-parts/...')
#4 /Volumes/Work/Beetroot/e-Shop/wp-includes/template.php(725): require('/Volumes/Work/B...')
#5 /Volumes/Work/Beetroot/e-Shop/wp-includes/template.php(672): load_template('/Volumes/Work/B...', false)
#6 /Volumes/Work/Beetroot/e-Shop/wp-includes/general-template.php(168): locate_template(Array, true, false)
#7 /Volumes/Work/Beetroot/e-Shop/wp-content/themes/e-Shop/woocommerce/archive-product.php(3322): get_templ у /Volumes/Work/Beetroot/e-Shop/wp-content/themes/e-Shop/template-parts/small-product-item.php доступно 16

2020-05-13T13:25:32+00:00 CRITICAL Uncaught Error: Call to a member function get_price_html() on null in /Volumes/Work/Beetroot/e-Shop/wp-content/themes/e-Shop/template-parts/small-product-item.php:16
Stack trace:
#0 /Volumes/Work/Beetroot/e-Shop/wp-includes/template.php(725): require()
#1 /Volumes/Work/Beetroot/e-Shop/wp-includes/template.php(672): load_template('/Volumes/Work/B...', false)
#2 /Volumes/Work/Beetroot/e-Shop/wp-includes/general-template.php(168): locate_template(Array, true, false)
#3 /Volumes/Work/Beetroot/e-Shop/wp-content/themes/e-Shop/template-parts/small-product-area.php(35): get_template_part('template-parts/...')
#4 /Volumes/Work/Beetroot/e-Shop/wp-includes/template.php(725): require('/Volumes/Work/B...')
#5 /Volumes/Work/Beetroot/e-Shop/wp-includes/template.php(672): load_template('/Volumes/Work/B...', false)
#6 /Volumes/Work/Beetroot/e-Shop/wp-includes/general-template.php(168): locate_template(Array, true, false)
#7 /Volumes/Work/Beetroot/e-Shop/wp-content/themes/e-Shop/woocommerce/archive-product.php(3322): get_templ у /Volumes/Work/Beetroot/e-Shop/wp-content/themes/e-Shop/template-parts/small-product-item.php доступно 16

2020-05-13T19:13:38+00:00 CRITICAL Uncaught Error: Cannot use object of type WP_Query as array in /Volumes/Work/Beetroot/e-Shop/wp-content/themes/e-Shop/template-parts/small-product-area.php:63
Stack trace:
#0 /Volumes/Work/Beetroot/e-Shop/wp-includes/template.php(725): require()
#1 /Volumes/Work/Beetroot/e-Shop/wp-includes/template.php(672): load_template('/Volumes/Work/B...', false)
#2 /Volumes/Work/Beetroot/e-Shop/wp-includes/general-template.php(168): locate_template(Array, true, false)
#3 /Volumes/Work/Beetroot/e-Shop/wp-content/themes/e-Shop/woocommerce/archive-product.php(3322): get_template_part('template-parts/...')
#4 /Volumes/Work/Beetroot/e-Shop/wp-includes/template-loader.php(106): include('/Volumes/Work/B...')
#5 /Volumes/Work/Beetroot/e-Shop/wp-blog-header.php(19): require_once('/Volumes/Work/B...')
#6 /Volumes/Work/Beetroot/e-Shop/index.php(17): require('/Volumes/Work/B...')
#7 {main}
  thrown у /Volumes/Work/Beetroot/e-Shop/wp-content/themes/e-Shop/template-parts/small-product-area.php доступно 63

