2020-05-15T12:57:11+00:00 CRITICAL Uncaught Error: Call to a member function get_the_terms() on array in /Volumes/Work/Beetroot/e-Shop/wp-content/themes/e-Shop/partials/block-tabs-slider-product.php:8
Stack trace:
#0 /Volumes/Work/Beetroot/e-Shop/wp-content/plugins/advanced-custom-fields-pro/pro/blocks.php(339): include()
#1 /Volumes/Work/Beetroot/e-Shop/wp-content/plugins/advanced-custom-fields-pro/pro/blocks.php(284): acf_render_block(Array, '', false, 172)
#2 /Volumes/Work/Beetroot/e-Shop/wp-includes/class-wp-block-type.php(109): acf_rendered_block(Array, '')
#3 /Volumes/Work/Beetroot/e-Shop/wp-includes/blocks.php(487): WP_Block_Type->render(Array, '')
#4 /Volumes/Work/Beetroot/e-Shop/wp-includes/blocks.php(537): render_block(Array)
#5 /Volumes/Work/Beetroot/e-Shop/wp-includes/class-wp-hook.php(287): do_blocks('<!-- wp:acf/tab...')
#6 /Volumes/Work/Beetroot/e-Shop/wp-includes/plugin.php(206): WP_Hook->apply_filters('<!-- wp:acf/tab...', Array)
#7 /Volumes/Work/Beetroot/e-Shop/wp-includes/post-template.php(253): apply_filters('the_content',  у /Volumes/Work/Beetroot/e-Shop/wp-content/themes/e-Shop/partials/block-tabs-slider-product.php доступно 8

2020-05-15T14:14:50+00:00 CRITICAL Uncaught Error: Cannot use object of type WP_Term as array in /Volumes/Work/Beetroot/e-Shop/wp-content/themes/e-Shop/partials/block-tabs-slider-product.php:32
Stack trace:
#0 /Volumes/Work/Beetroot/e-Shop/wp-content/plugins/advanced-custom-fields-pro/pro/blocks.php(339): include()
#1 /Volumes/Work/Beetroot/e-Shop/wp-content/plugins/advanced-custom-fields-pro/pro/blocks.php(284): acf_render_block(Array, '', false, 172)
#2 /Volumes/Work/Beetroot/e-Shop/wp-includes/class-wp-block-type.php(109): acf_rendered_block(Array, '')
#3 /Volumes/Work/Beetroot/e-Shop/wp-includes/blocks.php(487): WP_Block_Type->render(Array, '')
#4 /Volumes/Work/Beetroot/e-Shop/wp-includes/blocks.php(537): render_block(Array)
#5 /Volumes/Work/Beetroot/e-Shop/wp-includes/class-wp-hook.php(287): do_blocks('<!-- wp:acf/tab...')
#6 /Volumes/Work/Beetroot/e-Shop/wp-includes/plugin.php(206): WP_Hook->apply_filters('<!-- wp:acf/tab...', Array)
#7 /Volumes/Work/Beetroot/e-Shop/wp-includes/post-template.php(253): apply_filters('the_content', '<!-- w у /Volumes/Work/Beetroot/e-Shop/wp-content/themes/e-Shop/partials/block-tabs-slider-product.php доступно 32

2020-05-15T14:15:24+00:00 CRITICAL Object of class WP_Term could not be converted to string у /Volumes/Work/Beetroot/e-Shop/wp-content/themes/e-Shop/partials/block-tabs-slider-product.php доступно 32

2020-05-15T14:36:26+00:00 CRITICAL Object of class WP_Term could not be converted to string у /Volumes/Work/Beetroot/e-Shop/wp-content/themes/e-Shop/partials/block-tabs-slider-product.php доступно 25

2020-05-15T14:36:45+00:00 CRITICAL Object of class WP_Term could not be converted to string у /Volumes/Work/Beetroot/e-Shop/wp-content/themes/e-Shop/partials/block-tabs-slider-product.php доступно 11

2020-05-15T14:38:02+00:00 CRITICAL Uncaught Error: Cannot use object of type WP_Term as array in /Volumes/Work/Beetroot/e-Shop/wp-content/themes/e-Shop/partials/block-tabs-slider-product.php:11
Stack trace:
#0 /Volumes/Work/Beetroot/e-Shop/wp-content/plugins/advanced-custom-fields-pro/pro/blocks.php(339): include()
#1 /Volumes/Work/Beetroot/e-Shop/wp-content/plugins/advanced-custom-fields-pro/pro/blocks.php(284): acf_render_block(Array, '', false, 172)
#2 /Volumes/Work/Beetroot/e-Shop/wp-includes/class-wp-block-type.php(109): acf_rendered_block(Array, '')
#3 /Volumes/Work/Beetroot/e-Shop/wp-includes/blocks.php(487): WP_Block_Type->render(Array, '')
#4 /Volumes/Work/Beetroot/e-Shop/wp-includes/blocks.php(537): render_block(Array)
#5 /Volumes/Work/Beetroot/e-Shop/wp-includes/class-wp-hook.php(287): do_blocks('<!-- wp:acf/tab...')
#6 /Volumes/Work/Beetroot/e-Shop/wp-includes/plugin.php(206): WP_Hook->apply_filters('<!-- wp:acf/tab...', Array)
#7 /Volumes/Work/Beetroot/e-Shop/wp-includes/post-template.php(253): apply_filters('the_content', '<!-- w у /Volumes/Work/Beetroot/e-Shop/wp-content/themes/e-Shop/partials/block-tabs-slider-product.php доступно 11

2020-05-15T14:38:21+00:00 CRITICAL Uncaught Error: Cannot use object of type WP_Term as array in /Volumes/Work/Beetroot/e-Shop/wp-content/themes/e-Shop/partials/block-tabs-slider-product.php:11
Stack trace:
#0 /Volumes/Work/Beetroot/e-Shop/wp-content/plugins/advanced-custom-fields-pro/pro/blocks.php(339): include()
#1 /Volumes/Work/Beetroot/e-Shop/wp-content/plugins/advanced-custom-fields-pro/pro/blocks.php(284): acf_render_block(Array, '', false, 172)
#2 /Volumes/Work/Beetroot/e-Shop/wp-includes/class-wp-block-type.php(109): acf_rendered_block(Array, '')
#3 /Volumes/Work/Beetroot/e-Shop/wp-includes/blocks.php(487): WP_Block_Type->render(Array, '')
#4 /Volumes/Work/Beetroot/e-Shop/wp-includes/blocks.php(537): render_block(Array)
#5 /Volumes/Work/Beetroot/e-Shop/wp-includes/class-wp-hook.php(287): do_blocks('<!-- wp:acf/tab...')
#6 /Volumes/Work/Beetroot/e-Shop/wp-includes/plugin.php(206): WP_Hook->apply_filters('<!-- wp:acf/tab...', Array)
#7 /Volumes/Work/Beetroot/e-Shop/wp-includes/post-template.php(253): apply_filters('the_content', '<!-- w у /Volumes/Work/Beetroot/e-Shop/wp-content/themes/e-Shop/partials/block-tabs-slider-product.php доступно 11

2020-05-15T19:40:42+00:00 CRITICAL Uncaught Error: Call to a member function is_on_sale() on null in /Volumes/Work/Beetroot/e-Shop/wp-content/themes/e-Shop/woocommerce/single-product/sale-flash.php:25
Stack trace:
#0 /Volumes/Work/Beetroot/e-Shop/wp-content/plugins/woocommerce/includes/wc-core-functions.php(251): include()
#1 /Volumes/Work/Beetroot/e-Shop/wp-content/plugins/woocommerce/includes/wc-template-functions.php(1565): wc_get_template('single-product/...')
#2 /Volumes/Work/Beetroot/e-Shop/wp-content/themes/e-Shop/template-parts/product-item.php(10): woocommerce_show_product_sale_flash()
#3 /Volumes/Work/Beetroot/e-Shop/wp-includes/template.php(725): require('/Volumes/Work/B...')
#4 /Volumes/Work/Beetroot/e-Shop/wp-includes/template.php(672): load_template('/Volumes/Work/B...', false)
#5 /Volumes/Work/Beetroot/e-Shop/wp-includes/general-template.php(168): locate_template(Array, true, false)
#6 /Volumes/Work/Beetroot/e-Shop/wp-content/themes/e-Shop/partials/block-tabs-slider-product.php(69): get_template_part('template-parts/...')
#7 /Vo у /Volumes/Work/Beetroot/e-Shop/wp-content/themes/e-Shop/woocommerce/single-product/sale-flash.php доступно 25

2020-05-15T19:41:26+00:00 CRITICAL Uncaught Error: Call to a member function is_on_sale() on null in /Volumes/Work/Beetroot/e-Shop/wp-content/themes/e-Shop/woocommerce/single-product/sale-flash.php:25
Stack trace:
#0 /Volumes/Work/Beetroot/e-Shop/wp-content/plugins/woocommerce/includes/wc-core-functions.php(251): include()
#1 /Volumes/Work/Beetroot/e-Shop/wp-content/plugins/woocommerce/includes/wc-template-functions.php(1565): wc_get_template('single-product/...')
#2 /Volumes/Work/Beetroot/e-Shop/wp-content/themes/e-Shop/template-parts/product-item.php(10): woocommerce_show_product_sale_flash()
#3 /Volumes/Work/Beetroot/e-Shop/wp-includes/template.php(725): require('/Volumes/Work/B...')
#4 /Volumes/Work/Beetroot/e-Shop/wp-includes/template.php(672): load_template('/Volumes/Work/B...', false)
#5 /Volumes/Work/Beetroot/e-Shop/wp-includes/general-template.php(168): locate_template(Array, true, false)
#6 /Volumes/Work/Beetroot/e-Shop/wp-content/themes/e-Shop/partials/block-tabs-slider-product.php(69): get_template_part('template-parts/...')
#7 /Vo у /Volumes/Work/Beetroot/e-Shop/wp-content/themes/e-Shop/woocommerce/single-product/sale-flash.php доступно 25

2020-05-15T19:45:02+00:00 CRITICAL Uncaught Error: Call to a member function is_on_sale() on null in /Volumes/Work/Beetroot/e-Shop/wp-content/themes/e-Shop/woocommerce/single-product/sale-flash.php:25
Stack trace:
#0 /Volumes/Work/Beetroot/e-Shop/wp-content/plugins/woocommerce/includes/wc-core-functions.php(251): include()
#1 /Volumes/Work/Beetroot/e-Shop/wp-content/plugins/woocommerce/includes/wc-template-functions.php(1565): wc_get_template('single-product/...')
#2 /Volumes/Work/Beetroot/e-Shop/wp-content/themes/e-Shop/template-parts/product-item.php(10): woocommerce_show_product_sale_flash()
#3 /Volumes/Work/Beetroot/e-Shop/wp-includes/template.php(725): require('/Volumes/Work/B...')
#4 /Volumes/Work/Beetroot/e-Shop/wp-includes/template.php(672): load_template('/Volumes/Work/B...', false)
#5 /Volumes/Work/Beetroot/e-Shop/wp-includes/general-template.php(168): locate_template(Array, true, false)
#6 /Volumes/Work/Beetroot/e-Shop/wp-content/themes/e-Shop/partials/block-tabs-slider-product.php(69): get_template_part('template-parts/...')
#7 /Vo у /Volumes/Work/Beetroot/e-Shop/wp-content/themes/e-Shop/woocommerce/single-product/sale-flash.php доступно 25

2020-05-15T19:50:05+00:00 CRITICAL Uncaught Error: Call to a member function is_on_sale() on null in /Volumes/Work/Beetroot/e-Shop/wp-content/themes/e-Shop/woocommerce/single-product/sale-flash.php:25
Stack trace:
#0 /Volumes/Work/Beetroot/e-Shop/wp-content/plugins/woocommerce/includes/wc-core-functions.php(251): include()
#1 /Volumes/Work/Beetroot/e-Shop/wp-content/plugins/woocommerce/includes/wc-template-functions.php(1565): wc_get_template('single-product/...')
#2 /Volumes/Work/Beetroot/e-Shop/wp-content/themes/e-Shop/template-parts/product-item.php(10): woocommerce_show_product_sale_flash()
#3 /Volumes/Work/Beetroot/e-Shop/wp-includes/template.php(725): require('/Volumes/Work/B...')
#4 /Volumes/Work/Beetroot/e-Shop/wp-includes/template.php(672): load_template('/Volumes/Work/B...', false)
#5 /Volumes/Work/Beetroot/e-Shop/wp-includes/general-template.php(168): locate_template(Array, true, false)
#6 /Volumes/Work/Beetroot/e-Shop/wp-content/themes/e-Shop/partials/block-tabs-slider-product.php(72): get_template_part('template-parts/...')
#7 /Vo у /Volumes/Work/Beetroot/e-Shop/wp-content/themes/e-Shop/woocommerce/single-product/sale-flash.php доступно 25

2020-05-15T19:55:42+00:00 CRITICAL Uncaught Error: Call to a member function have_post() on array in /Volumes/Work/Beetroot/e-Shop/wp-content/themes/e-Shop/partials/block-tabs-slider-product.php:70
Stack trace:
#0 /Volumes/Work/Beetroot/e-Shop/wp-content/plugins/advanced-custom-fields-pro/pro/blocks.php(339): include()
#1 /Volumes/Work/Beetroot/e-Shop/wp-content/plugins/advanced-custom-fields-pro/pro/blocks.php(284): acf_render_block(Array, '', false, 172)
#2 /Volumes/Work/Beetroot/e-Shop/wp-includes/class-wp-block-type.php(109): acf_rendered_block(Array, '')
#3 /Volumes/Work/Beetroot/e-Shop/wp-includes/blocks.php(487): WP_Block_Type->render(Array, '')
#4 /Volumes/Work/Beetroot/e-Shop/wp-includes/blocks.php(537): render_block(Array)
#5 /Volumes/Work/Beetroot/e-Shop/wp-includes/class-wp-hook.php(287): do_blocks('<!-- wp:acf/tab...')
#6 /Volumes/Work/Beetroot/e-Shop/wp-includes/plugin.php(206): WP_Hook->apply_filters('<!-- wp:acf/tab...', Array)
#7 /Volumes/Work/Beetroot/e-Shop/wp-includes/post-template.php(253): apply_filters('the_content', '<! у /Volumes/Work/Beetroot/e-Shop/wp-content/themes/e-Shop/partials/block-tabs-slider-product.php доступно 70

