2020-05-14T17:05:01+00:00 CRITICAL syntax error, unexpected ''tax_query'' (T_CONSTANT_ENCAPSED_STRING), expecting ']' у /Volumes/Work/Beetroot/e-Shop/wp-content/themes/e-Shop/woocommerce/archive-product.php доступно 17

2020-05-14T17:05:07+00:00 CRITICAL syntax error, unexpected ''tax_query'' (T_CONSTANT_ENCAPSED_STRING), expecting ']' у /Volumes/Work/Beetroot/e-Shop/wp-content/themes/e-Shop/woocommerce/archive-product.php доступно 17

2020-05-14T18:59:54+00:00 CRITICAL Uncaught Error: Call to a member function get_the_terms() on array in /Volumes/Work/Beetroot/e-Shop/wp-content/themes/e-Shop/woocommerce/archive-product.php:24
Stack trace:
#0 /Volumes/Work/Beetroot/e-Shop/wp-includes/template-loader.php(106): include()
#1 /Volumes/Work/Beetroot/e-Shop/wp-blog-header.php(19): require_once('/Volumes/Work/B...')
#2 /Volumes/Work/Beetroot/e-Shop/index.php(17): require('/Volumes/Work/B...')
#3 {main}
  thrown у /Volumes/Work/Beetroot/e-Shop/wp-content/themes/e-Shop/woocommerce/archive-product.php доступно 24

2020-05-14T19:09:35+00:00 CRITICAL Uncaught Error: Cannot use object of type WP_Query as array in /Volumes/Work/Beetroot/e-Shop/wp-content/themes/e-Shop/woocommerce/archive-product.php:24
Stack trace:
#0 /Volumes/Work/Beetroot/e-Shop/wp-includes/template-loader.php(106): include()
#1 /Volumes/Work/Beetroot/e-Shop/wp-blog-header.php(19): require_once('/Volumes/Work/B...')
#2 /Volumes/Work/Beetroot/e-Shop/index.php(17): require('/Volumes/Work/B...')
#3 {main}
  thrown у /Volumes/Work/Beetroot/e-Shop/wp-content/themes/e-Shop/woocommerce/archive-product.php доступно 24

2020-05-14T19:11:07+00:00 CRITICAL Uncaught ArgumentCountError: Too few arguments to function WP_Query::generate_postdata(), 0 passed in /Volumes/Work/Beetroot/e-Shop/wp-content/themes/e-Shop/woocommerce/archive-product.php on line 24 and exactly 1 expected in /Volumes/Work/Beetroot/e-Shop/wp-includes/class-wp-query.php:4285
Stack trace:
#0 /Volumes/Work/Beetroot/e-Shop/wp-content/themes/e-Shop/woocommerce/archive-product.php(24): WP_Query->generate_postdata()
#1 /Volumes/Work/Beetroot/e-Shop/wp-includes/template-loader.php(106): include('/Volumes/Work/B...')
#2 /Volumes/Work/Beetroot/e-Shop/wp-blog-header.php(19): require_once('/Volumes/Work/B...')
#3 /Volumes/Work/Beetroot/e-Shop/index.php(17): require('/Volumes/Work/B...')
#4 {main}
  thrown у /Volumes/Work/Beetroot/e-Shop/wp-includes/class-wp-query.php доступно 4285

