2020-04-15T14:51:14+00:00 CRITICAL Uncaught Error: Call to undefined function time_to_read() in /Volumes/Work/Beetroot/e-Shop/wp-content/themes/e-Shop/template-parts/castom-archive.php:27
Stack trace:
#0 /Volumes/Work/Beetroot/e-Shop/wp-includes/template.php(725): require()
#1 /Volumes/Work/Beetroot/e-Shop/wp-includes/template.php(672): load_template('/Volumes/Work/B...', false)
#2 /Volumes/Work/Beetroot/e-Shop/wp-includes/general-template.php(168): locate_template(Array, true, false)
#3 /Volumes/Work/Beetroot/e-Shop/wp-content/themes/e-Shop/woocommerce/archive-product.php(8): get_template_part('template-parts/...')
#4 /Volumes/Work/Beetroot/e-Shop/wp-content/plugins/woocommerce/includes/wc-core-functions.php(251): include('/Volumes/Work/B...')
#5 /Volumes/Work/Beetroot/e-Shop/wp-content/plugins/woocommerce/templates/taxonomy-product_cat.php(22): wc_get_template('archive-product...')
#6 /Volumes/Work/Beetroot/e-Shop/wp-includes/template-loader.php(106): include('/Volumes/Work/B...')
#7 /Volumes/Work/Beetroot/e-Shop/wp-blog-header.php(19): requ у /Volumes/Work/Beetroot/e-Shop/wp-content/themes/e-Shop/template-parts/castom-archive.php доступно 27

2020-04-15T14:51:49+00:00 CRITICAL Uncaught Error: Call to undefined function time_to_read() in /Volumes/Work/Beetroot/e-Shop/wp-content/themes/e-Shop/template-parts/castom-archive.php:27
Stack trace:
#0 /Volumes/Work/Beetroot/e-Shop/wp-includes/template.php(725): require()
#1 /Volumes/Work/Beetroot/e-Shop/wp-includes/template.php(672): load_template('/Volumes/Work/B...', false)
#2 /Volumes/Work/Beetroot/e-Shop/wp-includes/general-template.php(168): locate_template(Array, true, false)
#3 /Volumes/Work/Beetroot/e-Shop/wp-content/themes/e-Shop/woocommerce/archive-product.php(8): get_template_part('template-parts/...')
#4 /Volumes/Work/Beetroot/e-Shop/wp-content/plugins/woocommerce/includes/wc-core-functions.php(251): include('/Volumes/Work/B...')
#5 /Volumes/Work/Beetroot/e-Shop/wp-content/plugins/woocommerce/templates/taxonomy-product_cat.php(22): wc_get_template('archive-product...')
#6 /Volumes/Work/Beetroot/e-Shop/wp-includes/template-loader.php(106): include('/Volumes/Work/B...')
#7 /Volumes/Work/Beetroot/e-Shop/wp-blog-header.php(19): requ у /Volumes/Work/Beetroot/e-Shop/wp-content/themes/e-Shop/template-parts/castom-archive.php доступно 27

2020-04-15T14:52:10+00:00 CRITICAL Uncaught Error: Call to undefined function time_to_read() in /Volumes/Work/Beetroot/e-Shop/wp-content/themes/e-Shop/template-parts/castom-archive.php:27
Stack trace:
#0 /Volumes/Work/Beetroot/e-Shop/wp-includes/template.php(725): require()
#1 /Volumes/Work/Beetroot/e-Shop/wp-includes/template.php(672): load_template('/Volumes/Work/B...', false)
#2 /Volumes/Work/Beetroot/e-Shop/wp-includes/general-template.php(168): locate_template(Array, true, false)
#3 /Volumes/Work/Beetroot/e-Shop/wp-content/themes/e-Shop/woocommerce/archive-product.php(8): get_template_part('template-parts/...')
#4 /Volumes/Work/Beetroot/e-Shop/wp-content/plugins/woocommerce/includes/wc-core-functions.php(251): include('/Volumes/Work/B...')
#5 /Volumes/Work/Beetroot/e-Shop/wp-content/plugins/woocommerce/templates/taxonomy-product_cat.php(22): wc_get_template('archive-product...')
#6 /Volumes/Work/Beetroot/e-Shop/wp-includes/template-loader.php(106): include('/Volumes/Work/B...')
#7 /Volumes/Work/Beetroot/e-Shop/wp-blog-header.php(19): requ у /Volumes/Work/Beetroot/e-Shop/wp-content/themes/e-Shop/template-parts/castom-archive.php доступно 27

2020-04-15T14:54:32+00:00 CRITICAL Uncaught Error: Call to undefined function time_to_read() in /Volumes/Work/Beetroot/e-Shop/wp-content/themes/e-Shop/template-parts/castom-archive.php:27
Stack trace:
#0 /Volumes/Work/Beetroot/e-Shop/wp-includes/template.php(725): require()
#1 /Volumes/Work/Beetroot/e-Shop/wp-includes/template.php(672): load_template('/Volumes/Work/B...', false)
#2 /Volumes/Work/Beetroot/e-Shop/wp-includes/general-template.php(168): locate_template(Array, true, false)
#3 /Volumes/Work/Beetroot/e-Shop/wp-content/themes/e-Shop/woocommerce/archive-product.php(8): get_template_part('template-parts/...')
#4 /Volumes/Work/Beetroot/e-Shop/wp-content/plugins/woocommerce/includes/wc-core-functions.php(251): include('/Volumes/Work/B...')
#5 /Volumes/Work/Beetroot/e-Shop/wp-content/plugins/woocommerce/templates/taxonomy-product_cat.php(22): wc_get_template('archive-product...')
#6 /Volumes/Work/Beetroot/e-Shop/wp-includes/template-loader.php(106): include('/Volumes/Work/B...')
#7 /Volumes/Work/Beetroot/e-Shop/wp-blog-header.php(19): requ у /Volumes/Work/Beetroot/e-Shop/wp-content/themes/e-Shop/template-parts/castom-archive.php доступно 27

2020-04-15T14:55:01+00:00 CRITICAL Uncaught Error: Call to undefined function time_to_read() in /Volumes/Work/Beetroot/e-Shop/wp-content/themes/e-Shop/template-parts/castom-archive.php:24
Stack trace:
#0 /Volumes/Work/Beetroot/e-Shop/wp-includes/template.php(725): require()
#1 /Volumes/Work/Beetroot/e-Shop/wp-includes/template.php(672): load_template('/Volumes/Work/B...', false)
#2 /Volumes/Work/Beetroot/e-Shop/wp-includes/general-template.php(168): locate_template(Array, true, false)
#3 /Volumes/Work/Beetroot/e-Shop/wp-content/themes/e-Shop/woocommerce/archive-product.php(8): get_template_part('template-parts/...')
#4 /Volumes/Work/Beetroot/e-Shop/wp-content/plugins/woocommerce/includes/wc-core-functions.php(251): include('/Volumes/Work/B...')
#5 /Volumes/Work/Beetroot/e-Shop/wp-content/plugins/woocommerce/templates/taxonomy-product_cat.php(22): wc_get_template('archive-product...')
#6 /Volumes/Work/Beetroot/e-Shop/wp-includes/template-loader.php(106): include('/Volumes/Work/B...')
#7 /Volumes/Work/Beetroot/e-Shop/wp-blog-header.php(19): requ у /Volumes/Work/Beetroot/e-Shop/wp-content/themes/e-Shop/template-parts/castom-archive.php доступно 24

2020-04-15T14:55:26+00:00 CRITICAL Uncaught Error: Call to undefined function time_to_read() in /Volumes/Work/Beetroot/e-Shop/wp-content/themes/e-Shop/template-parts/castom-archive.php:24
Stack trace:
#0 /Volumes/Work/Beetroot/e-Shop/wp-includes/template.php(725): require()
#1 /Volumes/Work/Beetroot/e-Shop/wp-includes/template.php(672): load_template('/Volumes/Work/B...', false)
#2 /Volumes/Work/Beetroot/e-Shop/wp-includes/general-template.php(168): locate_template(Array, true, false)
#3 /Volumes/Work/Beetroot/e-Shop/wp-content/themes/e-Shop/woocommerce/archive-product.php(8): get_template_part('template-parts/...')
#4 /Volumes/Work/Beetroot/e-Shop/wp-content/plugins/woocommerce/includes/wc-core-functions.php(251): include('/Volumes/Work/B...')
#5 /Volumes/Work/Beetroot/e-Shop/wp-content/plugins/woocommerce/templates/taxonomy-product_cat.php(22): wc_get_template('archive-product...')
#6 /Volumes/Work/Beetroot/e-Shop/wp-includes/template-loader.php(106): include('/Volumes/Work/B...')
#7 /Volumes/Work/Beetroot/e-Shop/wp-blog-header.php(19): requ у /Volumes/Work/Beetroot/e-Shop/wp-content/themes/e-Shop/template-parts/castom-archive.php доступно 24

2020-04-15T14:55:40+00:00 CRITICAL Uncaught Error: Call to undefined function time_to_read() in /Volumes/Work/Beetroot/e-Shop/wp-content/themes/e-Shop/template-parts/castom-archive.php:24
Stack trace:
#0 /Volumes/Work/Beetroot/e-Shop/wp-includes/template.php(725): require()
#1 /Volumes/Work/Beetroot/e-Shop/wp-includes/template.php(672): load_template('/Volumes/Work/B...', false)
#2 /Volumes/Work/Beetroot/e-Shop/wp-includes/general-template.php(168): locate_template(Array, true, false)
#3 /Volumes/Work/Beetroot/e-Shop/wp-content/themes/e-Shop/woocommerce/archive-product.php(8): get_template_part('template-parts/...')
#4 /Volumes/Work/Beetroot/e-Shop/wp-content/plugins/woocommerce/includes/wc-core-functions.php(251): include('/Volumes/Work/B...')
#5 /Volumes/Work/Beetroot/e-Shop/wp-content/plugins/woocommerce/templates/taxonomy-product_cat.php(22): wc_get_template('archive-product...')
#6 /Volumes/Work/Beetroot/e-Shop/wp-includes/template-loader.php(106): include('/Volumes/Work/B...')
#7 /Volumes/Work/Beetroot/e-Shop/wp-blog-header.php(19): requ у /Volumes/Work/Beetroot/e-Shop/wp-content/themes/e-Shop/template-parts/castom-archive.php доступно 24

2020-04-15T14:55:49+00:00 CRITICAL Uncaught Error: Call to undefined function time_to_read() in /Volumes/Work/Beetroot/e-Shop/wp-content/themes/e-Shop/template-parts/castom-archive.php:24
Stack trace:
#0 /Volumes/Work/Beetroot/e-Shop/wp-includes/template.php(725): require()
#1 /Volumes/Work/Beetroot/e-Shop/wp-includes/template.php(672): load_template('/Volumes/Work/B...', false)
#2 /Volumes/Work/Beetroot/e-Shop/wp-includes/general-template.php(168): locate_template(Array, true, false)
#3 /Volumes/Work/Beetroot/e-Shop/wp-content/themes/e-Shop/woocommerce/archive-product.php(8): get_template_part('template-parts/...')
#4 /Volumes/Work/Beetroot/e-Shop/wp-content/plugins/woocommerce/includes/wc-core-functions.php(251): include('/Volumes/Work/B...')
#5 /Volumes/Work/Beetroot/e-Shop/wp-content/plugins/woocommerce/templates/taxonomy-product_cat.php(22): wc_get_template('archive-product...')
#6 /Volumes/Work/Beetroot/e-Shop/wp-includes/template-loader.php(106): include('/Volumes/Work/B...')
#7 /Volumes/Work/Beetroot/e-Shop/wp-blog-header.php(19): requ у /Volumes/Work/Beetroot/e-Shop/wp-content/themes/e-Shop/template-parts/castom-archive.php доступно 24

2020-04-15T14:56:04+00:00 CRITICAL Uncaught Error: Call to undefined function time_to_read() in /Volumes/Work/Beetroot/e-Shop/wp-content/themes/e-Shop/template-parts/castom-archive.php:24
Stack trace:
#0 /Volumes/Work/Beetroot/e-Shop/wp-includes/template.php(725): require()
#1 /Volumes/Work/Beetroot/e-Shop/wp-includes/template.php(672): load_template('/Volumes/Work/B...', false)
#2 /Volumes/Work/Beetroot/e-Shop/wp-includes/general-template.php(168): locate_template(Array, true, false)
#3 /Volumes/Work/Beetroot/e-Shop/wp-content/themes/e-Shop/woocommerce/archive-product.php(8): get_template_part('template-parts/...')
#4 /Volumes/Work/Beetroot/e-Shop/wp-content/plugins/woocommerce/includes/wc-core-functions.php(251): include('/Volumes/Work/B...')
#5 /Volumes/Work/Beetroot/e-Shop/wp-content/plugins/woocommerce/templates/taxonomy-product_cat.php(22): wc_get_template('archive-product...')
#6 /Volumes/Work/Beetroot/e-Shop/wp-includes/template-loader.php(106): include('/Volumes/Work/B...')
#7 /Volumes/Work/Beetroot/e-Shop/wp-blog-header.php(19): requ у /Volumes/Work/Beetroot/e-Shop/wp-content/themes/e-Shop/template-parts/castom-archive.php доступно 24

2020-04-15T14:56:17+00:00 CRITICAL Uncaught Error: Call to undefined function time_to_read() in /Volumes/Work/Beetroot/e-Shop/wp-content/themes/e-Shop/template-parts/castom-archive.php:24
Stack trace:
#0 /Volumes/Work/Beetroot/e-Shop/wp-includes/template.php(725): require()
#1 /Volumes/Work/Beetroot/e-Shop/wp-includes/template.php(672): load_template('/Volumes/Work/B...', false)
#2 /Volumes/Work/Beetroot/e-Shop/wp-includes/general-template.php(168): locate_template(Array, true, false)
#3 /Volumes/Work/Beetroot/e-Shop/wp-content/themes/e-Shop/woocommerce/archive-product.php(8): get_template_part('template-parts/...')
#4 /Volumes/Work/Beetroot/e-Shop/wp-content/plugins/woocommerce/includes/wc-core-functions.php(251): include('/Volumes/Work/B...')
#5 /Volumes/Work/Beetroot/e-Shop/wp-content/plugins/woocommerce/templates/taxonomy-product_cat.php(22): wc_get_template('archive-product...')
#6 /Volumes/Work/Beetroot/e-Shop/wp-includes/template-loader.php(106): include('/Volumes/Work/B...')
#7 /Volumes/Work/Beetroot/e-Shop/wp-blog-header.php(19): requ у /Volumes/Work/Beetroot/e-Shop/wp-content/themes/e-Shop/template-parts/castom-archive.php доступно 24

2020-04-15T14:57:04+00:00 CRITICAL Uncaught Error: Call to undefined function time_to_read() in /Volumes/Work/Beetroot/e-Shop/wp-content/themes/e-Shop/template-parts/castom-archive.php:21
Stack trace:
#0 /Volumes/Work/Beetroot/e-Shop/wp-includes/template.php(725): require()
#1 /Volumes/Work/Beetroot/e-Shop/wp-includes/template.php(672): load_template('/Volumes/Work/B...', false)
#2 /Volumes/Work/Beetroot/e-Shop/wp-includes/general-template.php(168): locate_template(Array, true, false)
#3 /Volumes/Work/Beetroot/e-Shop/wp-content/themes/e-Shop/woocommerce/archive-product.php(8): get_template_part('template-parts/...')
#4 /Volumes/Work/Beetroot/e-Shop/wp-content/plugins/woocommerce/includes/wc-core-functions.php(251): include('/Volumes/Work/B...')
#5 /Volumes/Work/Beetroot/e-Shop/wp-content/plugins/woocommerce/templates/taxonomy-product_cat.php(22): wc_get_template('archive-product...')
#6 /Volumes/Work/Beetroot/e-Shop/wp-includes/template-loader.php(106): include('/Volumes/Work/B...')
#7 /Volumes/Work/Beetroot/e-Shop/wp-blog-header.php(19): requ у /Volumes/Work/Beetroot/e-Shop/wp-content/themes/e-Shop/template-parts/castom-archive.php доступно 21

2020-04-15T17:23:15+00:00 CRITICAL Uncaught ArgumentCountError: Too few arguments to function wc_get_product_category_list(), 0 passed in /Volumes/Work/Beetroot/e-Shop/wp-content/themes/e-Shop/template-parts/castom-archive.php on line 49 and at least 1 expected in /Volumes/Work/Beetroot/e-Shop/wp-content/plugins/woocommerce/includes/wc-product-functions.php:1115
Stack trace:
#0 /Volumes/Work/Beetroot/e-Shop/wp-content/themes/e-Shop/template-parts/castom-archive.php(49): wc_get_product_category_list()
#1 /Volumes/Work/Beetroot/e-Shop/wp-includes/template.php(725): require('/Volumes/Work/B...')
#2 /Volumes/Work/Beetroot/e-Shop/wp-includes/template.php(672): load_template('/Volumes/Work/B...', false)
#3 /Volumes/Work/Beetroot/e-Shop/wp-includes/general-template.php(168): locate_template(Array, true, false)
#4 /Volumes/Work/Beetroot/e-Shop/wp-content/themes/e-Shop/woocommerce/archive-product.php(8): get_template_part('template-parts/...')
#5 /Volumes/Work/Beetroot/e-Shop/wp-content/plugins/woocommerce/includes/wc-core-functions.php(251): include(' у /Volumes/Work/Beetroot/e-Shop/wp-content/plugins/woocommerce/includes/wc-product-functions.php доступно 1115

2020-04-15T17:30:27+00:00 CRITICAL Object of class WP_Term could not be converted to string у /Volumes/Work/Beetroot/e-Shop/wp-content/themes/e-Shop/template-parts/castom-archive.php доступно 50

2020-04-15T17:30:30+00:00 CRITICAL Object of class WP_Term could not be converted to string у /Volumes/Work/Beetroot/e-Shop/wp-content/themes/e-Shop/template-parts/castom-archive.php доступно 50

2020-04-15T18:18:31+00:00 CRITICAL Uncaught Error: Call to a member function get_price_html() on null in /Volumes/Work/Beetroot/e-Shop/wp-content/themes/e-Shop/template-parts/castom-archive.php:522
Stack trace:
#0 /Volumes/Work/Beetroot/e-Shop/wp-includes/template.php(725): require()
#1 /Volumes/Work/Beetroot/e-Shop/wp-includes/template.php(672): load_template('/Volumes/Work/B...', false)
#2 /Volumes/Work/Beetroot/e-Shop/wp-includes/general-template.php(168): locate_template(Array, true, false)
#3 /Volumes/Work/Beetroot/e-Shop/wp-content/themes/e-Shop/woocommerce/archive-product.php(8): get_template_part('template-parts/...')
#4 /Volumes/Work/Beetroot/e-Shop/wp-content/plugins/woocommerce/includes/wc-core-functions.php(251): include('/Volumes/Work/B...')
#5 /Volumes/Work/Beetroot/e-Shop/wp-content/plugins/woocommerce/templates/taxonomy-product_cat.php(22): wc_get_template('archive-product...')
#6 /Volumes/Work/Beetroot/e-Shop/wp-includes/template-loader.php(106): include('/Volumes/Work/B...')
#7 /Volumes/Work/Beetroot/e-Shop/wp-blog-header.php у /Volumes/Work/Beetroot/e-Shop/wp-content/themes/e-Shop/template-parts/castom-archive.php доступно 522

2020-04-15T18:19:17+00:00 CRITICAL Uncaught Error: Call to a member function get_price_html() on null in /Volumes/Work/Beetroot/e-Shop/wp-content/themes/e-Shop/template-parts/castom-archive.php:524
Stack trace:
#0 /Volumes/Work/Beetroot/e-Shop/wp-includes/template.php(725): require()
#1 /Volumes/Work/Beetroot/e-Shop/wp-includes/template.php(672): load_template('/Volumes/Work/B...', false)
#2 /Volumes/Work/Beetroot/e-Shop/wp-includes/general-template.php(168): locate_template(Array, true, false)
#3 /Volumes/Work/Beetroot/e-Shop/wp-content/themes/e-Shop/woocommerce/archive-product.php(8): get_template_part('template-parts/...')
#4 /Volumes/Work/Beetroot/e-Shop/wp-content/plugins/woocommerce/includes/wc-core-functions.php(251): include('/Volumes/Work/B...')
#5 /Volumes/Work/Beetroot/e-Shop/wp-content/plugins/woocommerce/templates/taxonomy-product_cat.php(22): wc_get_template('archive-product...')
#6 /Volumes/Work/Beetroot/e-Shop/wp-includes/template-loader.php(106): include('/Volumes/Work/B...')
#7 /Volumes/Work/Beetroot/e-Shop/wp-blog-header.php у /Volumes/Work/Beetroot/e-Shop/wp-content/themes/e-Shop/template-parts/castom-archive.php доступно 524

2020-04-15T18:21:18+00:00 CRITICAL Uncaught Error: Call to a member function get_price_html() on null in /Volumes/Work/Beetroot/e-Shop/wp-content/themes/e-Shop/template-parts/castom-archive.php:524
Stack trace:
#0 /Volumes/Work/Beetroot/e-Shop/wp-includes/template.php(725): require()
#1 /Volumes/Work/Beetroot/e-Shop/wp-includes/template.php(672): load_template('/Volumes/Work/B...', false)
#2 /Volumes/Work/Beetroot/e-Shop/wp-includes/general-template.php(168): locate_template(Array, true, false)
#3 /Volumes/Work/Beetroot/e-Shop/wp-content/themes/e-Shop/woocommerce/archive-product.php(8): get_template_part('template-parts/...')
#4 /Volumes/Work/Beetroot/e-Shop/wp-content/plugins/woocommerce/includes/wc-core-functions.php(251): include('/Volumes/Work/B...')
#5 /Volumes/Work/Beetroot/e-Shop/wp-content/plugins/woocommerce/templates/taxonomy-product_cat.php(22): wc_get_template('archive-product...')
#6 /Volumes/Work/Beetroot/e-Shop/wp-includes/template-loader.php(106): include('/Volumes/Work/B...')
#7 /Volumes/Work/Beetroot/e-Shop/wp-blog-header.php у /Volumes/Work/Beetroot/e-Shop/wp-content/themes/e-Shop/template-parts/castom-archive.php доступно 524

