2020-04-22T10:47:29+00:00 CRITICAL Object of class WP_Query could not be converted to string у /Volumes/Work/Beetroot/e-Shop/wp-content/plugins/woocommerce/includes/widgets/class-wc-widget-top-rated-products.php доступно 90

2020-04-22T18:39:57+00:00 CRITICAL Cannot declare class WC_Widget_Top_Rated_Products, because the name is already in use у /Volumes/Work/Beetroot/e-Shop/wp-content/themes/e-Shop/inc/class-wc-widget-top-rat.php доступно 108

2020-04-22T18:50:30+00:00 CRITICAL Uncaught Error: Class 'WC_Widget_Top_Rat' not found in /Volumes/Work/Beetroot/e-Shop/wp-includes/class-wp-widget-factory.php:61
Stack trace:
#0 /Volumes/Work/Beetroot/e-Shop/wp-includes/widgets.php(115): WP_Widget_Factory->register('WC_Widget_Top_R...')
#1 /Volumes/Work/Beetroot/e-Shop/wp-content/themes/e-Shop/functions.php(105): register_widget('WC_Widget_Top_R...')
#2 /Volumes/Work/Beetroot/e-Shop/wp-includes/class-wp-hook.php(287): wpb_load_widget('')
#3 /Volumes/Work/Beetroot/e-Shop/wp-includes/class-wp-hook.php(311): WP_Hook->apply_filters(NULL, Array)
#4 /Volumes/Work/Beetroot/e-Shop/wp-includes/plugin.php(478): WP_Hook->do_action(Array)
#5 /Volumes/Work/Beetroot/e-Shop/wp-includes/widgets.php(1765): do_action('widgets_init')
#6 /Volumes/Work/Beetroot/e-Shop/wp-includes/class-wp-hook.php(287): wp_widgets_init('')
#7 /Volumes/Work/Beetroot/e-Shop/wp-includes/class-wp-hook.php(311): WP_Hook->apply_filters(NULL, Array)
#8 /Volumes/Work/Beetroot/e-Shop/wp-includes/plugin.php(478): WP_Hook->do_action(Array)
 у /Volumes/Work/Beetroot/e-Shop/wp-includes/class-wp-widget-factory.php доступно 61

2020-04-22T18:50:39+00:00 CRITICAL Uncaught Error: Class 'WC_Widget_Top_Rat' not found in /Volumes/Work/Beetroot/e-Shop/wp-includes/class-wp-widget-factory.php:61
Stack trace:
#0 /Volumes/Work/Beetroot/e-Shop/wp-includes/widgets.php(115): WP_Widget_Factory->register('WC_Widget_Top_R...')
#1 /Volumes/Work/Beetroot/e-Shop/wp-content/themes/e-Shop/functions.php(105): register_widget('WC_Widget_Top_R...')
#2 /Volumes/Work/Beetroot/e-Shop/wp-includes/class-wp-hook.php(287): wpb_load_widget('')
#3 /Volumes/Work/Beetroot/e-Shop/wp-includes/class-wp-hook.php(311): WP_Hook->apply_filters(NULL, Array)
#4 /Volumes/Work/Beetroot/e-Shop/wp-includes/plugin.php(478): WP_Hook->do_action(Array)
#5 /Volumes/Work/Beetroot/e-Shop/wp-includes/widgets.php(1765): do_action('widgets_init')
#6 /Volumes/Work/Beetroot/e-Shop/wp-includes/class-wp-hook.php(287): wp_widgets_init('')
#7 /Volumes/Work/Beetroot/e-Shop/wp-includes/class-wp-hook.php(311): WP_Hook->apply_filters(NULL, Array)
#8 /Volumes/Work/Beetroot/e-Shop/wp-includes/plugin.php(478): WP_Hook->do_action(Array)
 у /Volumes/Work/Beetroot/e-Shop/wp-includes/class-wp-widget-factory.php доступно 61

2020-04-22T18:50:52+00:00 CRITICAL Uncaught Error: Class 'WC_Widget_Top_Rat' not found in /Volumes/Work/Beetroot/e-Shop/wp-includes/class-wp-widget-factory.php:61
Stack trace:
#0 /Volumes/Work/Beetroot/e-Shop/wp-includes/widgets.php(115): WP_Widget_Factory->register('WC_Widget_Top_R...')
#1 /Volumes/Work/Beetroot/e-Shop/wp-content/themes/e-Shop/functions.php(105): register_widget('WC_Widget_Top_R...')
#2 /Volumes/Work/Beetroot/e-Shop/wp-includes/class-wp-hook.php(287): wpb_load_widget('')
#3 /Volumes/Work/Beetroot/e-Shop/wp-includes/class-wp-hook.php(311): WP_Hook->apply_filters(NULL, Array)
#4 /Volumes/Work/Beetroot/e-Shop/wp-includes/plugin.php(478): WP_Hook->do_action(Array)
#5 /Volumes/Work/Beetroot/e-Shop/wp-includes/widgets.php(1765): do_action('widgets_init')
#6 /Volumes/Work/Beetroot/e-Shop/wp-includes/class-wp-hook.php(287): wp_widgets_init('')
#7 /Volumes/Work/Beetroot/e-Shop/wp-includes/class-wp-hook.php(311): WP_Hook->apply_filters(NULL, Array)
#8 /Volumes/Work/Beetroot/e-Shop/wp-includes/plugin.php(478): WP_Hook->do_action(Array)
 у /Volumes/Work/Beetroot/e-Shop/wp-includes/class-wp-widget-factory.php доступно 61

2020-04-22T19:14:17+00:00 CRITICAL syntax error, unexpected end of file, expecting function (T_FUNCTION) or const (T_CONST) у /Volumes/Work/Beetroot/e-Shop/wp-content/themes/e-Shop/inc/class-wc-widget-top-rat.php доступно 145

2020-04-22T19:14:50+00:00 CRITICAL syntax error, unexpected end of file, expecting function (T_FUNCTION) or const (T_CONST) у /Volumes/Work/Beetroot/e-Shop/wp-content/themes/e-Shop/inc/class-wc-widget-top-rat.php доступно 145

2020-04-22T19:23:21+00:00 CRITICAL Uncaught Error: Call to a member function get_permalink() on null in /Volumes/Work/Beetroot/e-Shop/wp-content/themes/e-Shop/inc/class-wc-widget-top-rat.php:102
Stack trace:
#0 /Volumes/Work/Beetroot/e-Shop/wp-includes/class-wp-widget.php(380): WC_Widget_Top_Rated->widget(Array, Array)
#1 /Volumes/Work/Beetroot/e-Shop/wp-includes/widgets.php(805): WP_Widget->display_callback(Array, Array)
#2 /Volumes/Work/Beetroot/e-Shop/wp-content/themes/e-Shop/template-parts/main-baner.php(85): dynamic_sidebar('bestseller')
#3 /Volumes/Work/Beetroot/e-Shop/wp-includes/template.php(725): require('/Volumes/Work/B...')
#4 /Volumes/Work/Beetroot/e-Shop/wp-includes/template.php(672): load_template('/Volumes/Work/B...', false)
#5 /Volumes/Work/Beetroot/e-Shop/wp-includes/general-template.php(168): locate_template(Array, true, false)
#6 /Volumes/Work/Beetroot/e-Shop/wp-content/themes/e-Shop/woocommerce/archive-product.php(101): get_template_part('template-parts/...')
#7 /Volumes/Work/Beetroot/e-Shop/wp-includes/template-loader.php( у /Volumes/Work/Beetroot/e-Shop/wp-content/themes/e-Shop/inc/class-wc-widget-top-rat.php доступно 102

2020-04-22T19:23:29+00:00 CRITICAL Uncaught Error: Call to a member function get_permalink() on null in /Volumes/Work/Beetroot/e-Shop/wp-content/themes/e-Shop/inc/class-wc-widget-top-rat.php:102
Stack trace:
#0 /Volumes/Work/Beetroot/e-Shop/wp-includes/class-wp-widget.php(380): WC_Widget_Top_Rated->widget(Array, Array)
#1 /Volumes/Work/Beetroot/e-Shop/wp-includes/widgets.php(805): WP_Widget->display_callback(Array, Array)
#2 /Volumes/Work/Beetroot/e-Shop/wp-content/themes/e-Shop/template-parts/main-baner.php(85): dynamic_sidebar('bestseller')
#3 /Volumes/Work/Beetroot/e-Shop/wp-includes/template.php(725): require('/Volumes/Work/B...')
#4 /Volumes/Work/Beetroot/e-Shop/wp-includes/template.php(672): load_template('/Volumes/Work/B...', false)
#5 /Volumes/Work/Beetroot/e-Shop/wp-includes/general-template.php(168): locate_template(Array, true, false)
#6 /Volumes/Work/Beetroot/e-Shop/wp-content/themes/e-Shop/woocommerce/archive-product.php(101): get_template_part('template-parts/...')
#7 /Volumes/Work/Beetroot/e-Shop/wp-includes/template-loader.php( у /Volumes/Work/Beetroot/e-Shop/wp-content/themes/e-Shop/inc/class-wc-widget-top-rat.php доступно 102

2020-04-22T19:23:49+00:00 CRITICAL Uncaught Error: Call to a member function get_permalink() on null in /Volumes/Work/Beetroot/e-Shop/wp-content/themes/e-Shop/inc/class-wc-widget-top-rat.php:102
Stack trace:
#0 /Volumes/Work/Beetroot/e-Shop/wp-includes/class-wp-widget.php(380): WC_Widget_Top_Rated->widget(Array, Array)
#1 /Volumes/Work/Beetroot/e-Shop/wp-includes/widgets.php(805): WP_Widget->display_callback(Array, Array)
#2 /Volumes/Work/Beetroot/e-Shop/wp-content/themes/e-Shop/template-parts/main-baner.php(85): dynamic_sidebar('bestseller')
#3 /Volumes/Work/Beetroot/e-Shop/wp-includes/template.php(725): require('/Volumes/Work/B...')
#4 /Volumes/Work/Beetroot/e-Shop/wp-includes/template.php(672): load_template('/Volumes/Work/B...', false)
#5 /Volumes/Work/Beetroot/e-Shop/wp-includes/general-template.php(168): locate_template(Array, true, false)
#6 /Volumes/Work/Beetroot/e-Shop/wp-content/themes/e-Shop/woocommerce/archive-product.php(101): get_template_part('template-parts/...')
#7 /Volumes/Work/Beetroot/e-Shop/wp-includes/template-loader.php( у /Volumes/Work/Beetroot/e-Shop/wp-content/themes/e-Shop/inc/class-wc-widget-top-rat.php доступно 102

2020-04-22T19:24:53+00:00 CRITICAL Uncaught Error: Call to a member function get_permalink() on null in /Volumes/Work/Beetroot/e-Shop/wp-content/themes/e-Shop/inc/class-wc-widget-top-rat.php:102
Stack trace:
#0 /Volumes/Work/Beetroot/e-Shop/wp-includes/class-wp-widget.php(380): WC_Widget_Top_Rated->widget(Array, Array)
#1 /Volumes/Work/Beetroot/e-Shop/wp-includes/widgets.php(805): WP_Widget->display_callback(Array, Array)
#2 /Volumes/Work/Beetroot/e-Shop/wp-content/themes/e-Shop/template-parts/main-baner.php(85): dynamic_sidebar('bestseller')
#3 /Volumes/Work/Beetroot/e-Shop/wp-includes/template.php(725): require('/Volumes/Work/B...')
#4 /Volumes/Work/Beetroot/e-Shop/wp-includes/template.php(672): load_template('/Volumes/Work/B...', false)
#5 /Volumes/Work/Beetroot/e-Shop/wp-includes/general-template.php(168): locate_template(Array, true, false)
#6 /Volumes/Work/Beetroot/e-Shop/wp-content/themes/e-Shop/woocommerce/archive-product.php(101): get_template_part('template-parts/...')
#7 /Volumes/Work/Beetroot/e-Shop/wp-includes/template-loader.php( у /Volumes/Work/Beetroot/e-Shop/wp-content/themes/e-Shop/inc/class-wc-widget-top-rat.php доступно 102

2020-04-22T19:25:54+00:00 CRITICAL Uncaught Error: Call to a member function get_permalink() on null in /Volumes/Work/Beetroot/e-Shop/wp-content/themes/e-Shop/inc/class-wc-widget-top-rat.php:102
Stack trace:
#0 /Volumes/Work/Beetroot/e-Shop/wp-includes/class-wp-widget.php(380): WC_Widget_Top_Rated->widget(Array, Array)
#1 /Volumes/Work/Beetroot/e-Shop/wp-includes/widgets.php(805): WP_Widget->display_callback(Array, Array)
#2 /Volumes/Work/Beetroot/e-Shop/wp-content/themes/e-Shop/template-parts/main-baner.php(85): dynamic_sidebar('bestseller')
#3 /Volumes/Work/Beetroot/e-Shop/wp-includes/template.php(725): require('/Volumes/Work/B...')
#4 /Volumes/Work/Beetroot/e-Shop/wp-includes/template.php(672): load_template('/Volumes/Work/B...', false)
#5 /Volumes/Work/Beetroot/e-Shop/wp-includes/general-template.php(168): locate_template(Array, true, false)
#6 /Volumes/Work/Beetroot/e-Shop/wp-content/themes/e-Shop/woocommerce/archive-product.php(101): get_template_part('template-parts/...')
#7 /Volumes/Work/Beetroot/e-Shop/wp-includes/template-loader.php( у /Volumes/Work/Beetroot/e-Shop/wp-content/themes/e-Shop/inc/class-wc-widget-top-rat.php доступно 102

2020-04-22T19:26:29+00:00 CRITICAL Uncaught Error: Call to a member function get_permalink() on null in /Volumes/Work/Beetroot/e-Shop/wp-content/themes/e-Shop/inc/class-wc-widget-top-rat.php:99
Stack trace:
#0 /Volumes/Work/Beetroot/e-Shop/wp-includes/class-wp-widget.php(380): WC_Widget_Top_Rated->widget(Array, Array)
#1 /Volumes/Work/Beetroot/e-Shop/wp-includes/widgets.php(805): WP_Widget->display_callback(Array, Array)
#2 /Volumes/Work/Beetroot/e-Shop/wp-content/themes/e-Shop/template-parts/main-baner.php(85): dynamic_sidebar('bestseller')
#3 /Volumes/Work/Beetroot/e-Shop/wp-includes/template.php(725): require('/Volumes/Work/B...')
#4 /Volumes/Work/Beetroot/e-Shop/wp-includes/template.php(672): load_template('/Volumes/Work/B...', false)
#5 /Volumes/Work/Beetroot/e-Shop/wp-includes/general-template.php(168): locate_template(Array, true, false)
#6 /Volumes/Work/Beetroot/e-Shop/wp-content/themes/e-Shop/woocommerce/archive-product.php(101): get_template_part('template-parts/...')
#7 /Volumes/Work/Beetroot/e-Shop/wp-includes/template-loader.php(1 у /Volumes/Work/Beetroot/e-Shop/wp-content/themes/e-Shop/inc/class-wc-widget-top-rat.php доступно 99

2020-04-22T19:26:53+00:00 CRITICAL Uncaught Error: Call to a member function get_permalink() on null in /Volumes/Work/Beetroot/e-Shop/wp-content/themes/e-Shop/inc/class-wc-widget-top-rat.php:100
Stack trace:
#0 /Volumes/Work/Beetroot/e-Shop/wp-includes/class-wp-widget.php(380): WC_Widget_Top_Rated->widget(Array, Array)
#1 /Volumes/Work/Beetroot/e-Shop/wp-includes/widgets.php(805): WP_Widget->display_callback(Array, Array)
#2 /Volumes/Work/Beetroot/e-Shop/wp-content/themes/e-Shop/template-parts/main-baner.php(85): dynamic_sidebar('bestseller')
#3 /Volumes/Work/Beetroot/e-Shop/wp-includes/template.php(725): require('/Volumes/Work/B...')
#4 /Volumes/Work/Beetroot/e-Shop/wp-includes/template.php(672): load_template('/Volumes/Work/B...', false)
#5 /Volumes/Work/Beetroot/e-Shop/wp-includes/general-template.php(168): locate_template(Array, true, false)
#6 /Volumes/Work/Beetroot/e-Shop/wp-content/themes/e-Shop/woocommerce/archive-product.php(101): get_template_part('template-parts/...')
#7 /Volumes/Work/Beetroot/e-Shop/wp-includes/template-loader.php( у /Volumes/Work/Beetroot/e-Shop/wp-content/themes/e-Shop/inc/class-wc-widget-top-rat.php доступно 100

2020-04-22T19:30:25+00:00 CRITICAL syntax error, unexpected '$i' (T_VARIABLE) у /Volumes/Work/Beetroot/e-Shop/wp-content/themes/e-Shop/inc/class-wc-widget-top-rat.php доступно 95

2020-04-22T19:31:31+00:00 CRITICAL Uncaught Error: Call to a member function get_permalink() on null in /Volumes/Work/Beetroot/e-Shop/wp-content/themes/e-Shop/inc/class-wc-widget-top-rat.php:101
Stack trace:
#0 /Volumes/Work/Beetroot/e-Shop/wp-includes/class-wp-widget.php(380): WC_Widget_Top_Rated->widget(Array, Array)
#1 /Volumes/Work/Beetroot/e-Shop/wp-includes/widgets.php(805): WP_Widget->display_callback(Array, Array)
#2 /Volumes/Work/Beetroot/e-Shop/wp-content/themes/e-Shop/template-parts/main-baner.php(85): dynamic_sidebar('bestseller')
#3 /Volumes/Work/Beetroot/e-Shop/wp-includes/template.php(725): require('/Volumes/Work/B...')
#4 /Volumes/Work/Beetroot/e-Shop/wp-includes/template.php(672): load_template('/Volumes/Work/B...', false)
#5 /Volumes/Work/Beetroot/e-Shop/wp-includes/general-template.php(168): locate_template(Array, true, false)
#6 /Volumes/Work/Beetroot/e-Shop/wp-content/themes/e-Shop/woocommerce/archive-product.php(101): get_template_part('template-parts/...')
#7 /Volumes/Work/Beetroot/e-Shop/wp-includes/template-loader.php( у /Volumes/Work/Beetroot/e-Shop/wp-content/themes/e-Shop/inc/class-wc-widget-top-rat.php доступно 101

2020-04-22T19:32:01+00:00 CRITICAL Uncaught Error: Call to a member function get_permalink() on null in /Volumes/Work/Beetroot/e-Shop/wp-content/themes/e-Shop/inc/class-wc-widget-top-rat.php:101
Stack trace:
#0 /Volumes/Work/Beetroot/e-Shop/wp-includes/class-wp-widget.php(380): WC_Widget_Top_Rated->widget(Array, Array)
#1 /Volumes/Work/Beetroot/e-Shop/wp-includes/widgets.php(805): WP_Widget->display_callback(Array, Array)
#2 /Volumes/Work/Beetroot/e-Shop/wp-content/themes/e-Shop/template-parts/main-baner.php(85): dynamic_sidebar('bestseller')
#3 /Volumes/Work/Beetroot/e-Shop/wp-includes/template.php(725): require('/Volumes/Work/B...')
#4 /Volumes/Work/Beetroot/e-Shop/wp-includes/template.php(672): load_template('/Volumes/Work/B...', false)
#5 /Volumes/Work/Beetroot/e-Shop/wp-includes/general-template.php(168): locate_template(Array, true, false)
#6 /Volumes/Work/Beetroot/e-Shop/wp-content/themes/e-Shop/woocommerce/archive-product.php(101): get_template_part('template-parts/...')
#7 /Volumes/Work/Beetroot/e-Shop/wp-includes/template-loader.php( у /Volumes/Work/Beetroot/e-Shop/wp-content/themes/e-Shop/inc/class-wc-widget-top-rat.php доступно 101

2020-04-22T19:37:47+00:00 CRITICAL Uncaught Error: Call to a member function get_price_html() on null in /Volumes/Work/Beetroot/e-Shop/wp-content/themes/e-Shop/inc/class-wc-widget-top-rat.php:107
Stack trace:
#0 /Volumes/Work/Beetroot/e-Shop/wp-includes/class-wp-widget.php(380): WC_Widget_Top_Rated->widget(Array, Array)
#1 /Volumes/Work/Beetroot/e-Shop/wp-includes/widgets.php(805): WP_Widget->display_callback(Array, Array)
#2 /Volumes/Work/Beetroot/e-Shop/wp-content/themes/e-Shop/template-parts/main-baner.php(85): dynamic_sidebar('bestseller')
#3 /Volumes/Work/Beetroot/e-Shop/wp-includes/template.php(725): require('/Volumes/Work/B...')
#4 /Volumes/Work/Beetroot/e-Shop/wp-includes/template.php(672): load_template('/Volumes/Work/B...', false)
#5 /Volumes/Work/Beetroot/e-Shop/wp-includes/general-template.php(168): locate_template(Array, true, false)
#6 /Volumes/Work/Beetroot/e-Shop/wp-content/themes/e-Shop/woocommerce/archive-product.php(101): get_template_part('template-parts/...')
#7 /Volumes/Work/Beetroot/e-Shop/wp-includes/template-loader.php у /Volumes/Work/Beetroot/e-Shop/wp-content/themes/e-Shop/inc/class-wc-widget-top-rat.php доступно 107

2020-04-22T19:39:09+00:00 CRITICAL Uncaught Error: Call to a member function get_price_html() on null in /Volumes/Work/Beetroot/e-Shop/wp-content/themes/e-Shop/inc/class-wc-widget-top-rat.php:102
Stack trace:
#0 /Volumes/Work/Beetroot/e-Shop/wp-includes/class-wp-widget.php(380): WC_Widget_Top_Rated->widget(Array, Array)
#1 /Volumes/Work/Beetroot/e-Shop/wp-includes/widgets.php(805): WP_Widget->display_callback(Array, Array)
#2 /Volumes/Work/Beetroot/e-Shop/wp-content/themes/e-Shop/template-parts/main-baner.php(85): dynamic_sidebar('bestseller')
#3 /Volumes/Work/Beetroot/e-Shop/wp-includes/template.php(725): require('/Volumes/Work/B...')
#4 /Volumes/Work/Beetroot/e-Shop/wp-includes/template.php(672): load_template('/Volumes/Work/B...', false)
#5 /Volumes/Work/Beetroot/e-Shop/wp-includes/general-template.php(168): locate_template(Array, true, false)
#6 /Volumes/Work/Beetroot/e-Shop/wp-content/themes/e-Shop/woocommerce/archive-product.php(101): get_template_part('template-parts/...')
#7 /Volumes/Work/Beetroot/e-Shop/wp-includes/template-loader.php у /Volumes/Work/Beetroot/e-Shop/wp-content/themes/e-Shop/inc/class-wc-widget-top-rat.php доступно 102

2020-04-22T19:40:44+00:00 CRITICAL Uncaught Error: Call to a member function get_price_html() on null in /Volumes/Work/Beetroot/e-Shop/wp-content/themes/e-Shop/inc/class-wc-widget-top-rat.php:100
Stack trace:
#0 /Volumes/Work/Beetroot/e-Shop/wp-includes/class-wp-widget.php(380): WC_Widget_Top_Rated->widget(Array, Array)
#1 /Volumes/Work/Beetroot/e-Shop/wp-includes/widgets.php(805): WP_Widget->display_callback(Array, Array)
#2 /Volumes/Work/Beetroot/e-Shop/wp-content/themes/e-Shop/template-parts/main-baner.php(85): dynamic_sidebar('bestseller')
#3 /Volumes/Work/Beetroot/e-Shop/wp-includes/template.php(725): require('/Volumes/Work/B...')
#4 /Volumes/Work/Beetroot/e-Shop/wp-includes/template.php(672): load_template('/Volumes/Work/B...', false)
#5 /Volumes/Work/Beetroot/e-Shop/wp-includes/general-template.php(168): locate_template(Array, true, false)
#6 /Volumes/Work/Beetroot/e-Shop/wp-content/themes/e-Shop/woocommerce/archive-product.php(101): get_template_part('template-parts/...')
#7 /Volumes/Work/Beetroot/e-Shop/wp-includes/template-loader.php у /Volumes/Work/Beetroot/e-Shop/wp-content/themes/e-Shop/inc/class-wc-widget-top-rat.php доступно 100

2020-04-22T19:41:32+00:00 CRITICAL Uncaught Error: Call to undefined method WC_Widget_Top_Rated::get_price_html() in /Volumes/Work/Beetroot/e-Shop/wp-content/themes/e-Shop/inc/class-wc-widget-top-rat.php:100
Stack trace:
#0 /Volumes/Work/Beetroot/e-Shop/wp-includes/class-wp-widget.php(380): WC_Widget_Top_Rated->widget(Array, Array)
#1 /Volumes/Work/Beetroot/e-Shop/wp-includes/widgets.php(805): WP_Widget->display_callback(Array, Array)
#2 /Volumes/Work/Beetroot/e-Shop/wp-content/themes/e-Shop/template-parts/main-baner.php(85): dynamic_sidebar('bestseller')
#3 /Volumes/Work/Beetroot/e-Shop/wp-includes/template.php(725): require('/Volumes/Work/B...')
#4 /Volumes/Work/Beetroot/e-Shop/wp-includes/template.php(672): load_template('/Volumes/Work/B...', false)
#5 /Volumes/Work/Beetroot/e-Shop/wp-includes/general-template.php(168): locate_template(Array, true, false)
#6 /Volumes/Work/Beetroot/e-Shop/wp-content/themes/e-Shop/woocommerce/archive-product.php(101): get_template_part('template-parts/...')
#7 /Volumes/Work/Beetroot/e-Shop/wp-includes/templat у /Volumes/Work/Beetroot/e-Shop/wp-content/themes/e-Shop/inc/class-wc-widget-top-rat.php доступно 100

2020-04-22T19:42:02+00:00 CRITICAL Uncaught Error: Call to undefined method WC_Widget_Top_Rated::get_price_html() in /Volumes/Work/Beetroot/e-Shop/wp-content/themes/e-Shop/inc/class-wc-widget-top-rat.php:99
Stack trace:
#0 /Volumes/Work/Beetroot/e-Shop/wp-includes/class-wp-widget.php(380): WC_Widget_Top_Rated->widget(Array, Array)
#1 /Volumes/Work/Beetroot/e-Shop/wp-includes/widgets.php(805): WP_Widget->display_callback(Array, Array)
#2 /Volumes/Work/Beetroot/e-Shop/wp-content/themes/e-Shop/template-parts/main-baner.php(85): dynamic_sidebar('bestseller')
#3 /Volumes/Work/Beetroot/e-Shop/wp-includes/template.php(725): require('/Volumes/Work/B...')
#4 /Volumes/Work/Beetroot/e-Shop/wp-includes/template.php(672): load_template('/Volumes/Work/B...', false)
#5 /Volumes/Work/Beetroot/e-Shop/wp-includes/general-template.php(168): locate_template(Array, true, false)
#6 /Volumes/Work/Beetroot/e-Shop/wp-content/themes/e-Shop/woocommerce/archive-product.php(101): get_template_part('template-parts/...')
#7 /Volumes/Work/Beetroot/e-Shop/wp-includes/template у /Volumes/Work/Beetroot/e-Shop/wp-content/themes/e-Shop/inc/class-wc-widget-top-rat.php доступно 99

2020-04-22T19:43:03+00:00 CRITICAL Object of class WC_Widget_Top_Rated could not be converted to string у /Volumes/Work/Beetroot/e-Shop/wp-content/themes/e-Shop/inc/class-wc-widget-top-rat.php доступно 100

2020-04-22T19:43:23+00:00 CRITICAL Uncaught Error: Call to a member function get_price_html() on null in /Volumes/Work/Beetroot/e-Shop/wp-content/themes/e-Shop/inc/class-wc-widget-top-rat.php:100
Stack trace:
#0 /Volumes/Work/Beetroot/e-Shop/wp-includes/class-wp-widget.php(380): WC_Widget_Top_Rated->widget(Array, Array)
#1 /Volumes/Work/Beetroot/e-Shop/wp-includes/widgets.php(805): WP_Widget->display_callback(Array, Array)
#2 /Volumes/Work/Beetroot/e-Shop/wp-content/themes/e-Shop/template-parts/main-baner.php(85): dynamic_sidebar('bestseller')
#3 /Volumes/Work/Beetroot/e-Shop/wp-includes/template.php(725): require('/Volumes/Work/B...')
#4 /Volumes/Work/Beetroot/e-Shop/wp-includes/template.php(672): load_template('/Volumes/Work/B...', false)
#5 /Volumes/Work/Beetroot/e-Shop/wp-includes/general-template.php(168): locate_template(Array, true, false)
#6 /Volumes/Work/Beetroot/e-Shop/wp-content/themes/e-Shop/woocommerce/archive-product.php(101): get_template_part('template-parts/...')
#7 /Volumes/Work/Beetroot/e-Shop/wp-includes/template-loader.php у /Volumes/Work/Beetroot/e-Shop/wp-content/themes/e-Shop/inc/class-wc-widget-top-rat.php доступно 100

