2020-04-20T08:53:30+00:00 CRITICAL syntax error, unexpected ';' у /Volumes/Work/Beetroot/e-Shop/wp-content/themes/e-Shop/template-parts/review.php доступно 57

2020-04-20T08:53:38+00:00 CRITICAL syntax error, unexpected ';' у /Volumes/Work/Beetroot/e-Shop/wp-content/themes/e-Shop/template-parts/review.php доступно 57

2020-04-20T08:55:55+00:00 CRITICAL Uncaught Error: Call to undefined function comment_fвorm() in /Volumes/Work/Beetroot/e-Shop/wp-content/themes/e-Shop/template-parts/review.php:60
Stack trace:
#0 /Volumes/Work/Beetroot/e-Shop/wp-includes/template.php(725): require()
#1 /Volumes/Work/Beetroot/e-Shop/wp-includes/template.php(672): load_template('/Volumes/Work/B...', false)
#2 /Volumes/Work/Beetroot/e-Shop/wp-includes/general-template.php(168): locate_template(Array, true, false)
#3 /Volumes/Work/Beetroot/e-Shop/wp-content/themes/e-Shop/woocommerce/content-single-product.php(342): get_template_part('template-parts/...')
#4 /Volumes/Work/Beetroot/e-Shop/wp-includes/template.php(725): require('/Volumes/Work/B...')
#5 /Volumes/Work/Beetroot/e-Shop/wp-content/plugins/woocommerce/includes/wc-core-functions.php(197): load_template('/Volumes/Work/B...', false)
#6 /Volumes/Work/Beetroot/e-Shop/wp-content/themes/e-Shop/woocommerce/single-product.php(10): wc_get_template_part('content', 'single-product')
#7 /Volumes/Work/Beetroot/e-Shop/wp-includes/templ у /Volumes/Work/Beetroot/e-Shop/wp-content/themes/e-Shop/template-parts/review.php доступно 60

2020-04-20T08:56:13+00:00 CRITICAL syntax error, unexpected '$product' (T_VARIABLE) у /Volumes/Work/Beetroot/e-Shop/wp-content/themes/e-Shop/template-parts/review.php доступно 36

2020-04-20T08:56:42+00:00 CRITICAL require_once(): Failed opening required '/Volumes/Work/Beetroot/e-Shop/wp-admin/includes/tempzlate.php' (include_path='.:/Applications/MAMP/bin/php/php7.3.8/lib/php') у /Volumes/Work/Beetroot/e-Shop/wp-content/themes/e-Shop/functions.php доступно 84

2020-04-20T10:56:50+00:00 CRITICAL Uncaught Error: Call to a member function get_id() on string in /Volumes/Work/Beetroot/e-Shop/wp-content/themes/e-Shop/woocommerce/content-single-product.php:532
Stack trace:
#0 /Volumes/Work/Beetroot/e-Shop/wp-includes/template.php(725): require()
#1 /Volumes/Work/Beetroot/e-Shop/wp-content/plugins/woocommerce/includes/wc-core-functions.php(197): load_template('/Volumes/Work/B...', false)
#2 /Volumes/Work/Beetroot/e-Shop/wp-content/themes/e-Shop/woocommerce/single-product.php(10): wc_get_template_part('content', 'single-product')
#3 /Volumes/Work/Beetroot/e-Shop/wp-includes/template-loader.php(106): include('/Volumes/Work/B...')
#4 /Volumes/Work/Beetroot/e-Shop/wp-blog-header.php(19): require_once('/Volumes/Work/B...')
#5 /Volumes/Work/Beetroot/e-Shop/index.php(17): require('/Volumes/Work/B...')
#6 {main}
  thrown у /Volumes/Work/Beetroot/e-Shop/wp-content/themes/e-Shop/woocommerce/content-single-product.php доступно 532

2020-04-20T10:57:13+00:00 CRITICAL syntax error, unexpected ';', expecting ')' у /Volumes/Work/Beetroot/e-Shop/wp-content/themes/e-Shop/woocommerce/content-single-product.php доступно 527

2020-04-20T10:58:06+00:00 CRITICAL syntax error, unexpected ';', expecting ')' у /Volumes/Work/Beetroot/e-Shop/wp-content/themes/e-Shop/woocommerce/content-single-product.php доступно 527

2020-04-20T10:58:09+00:00 CRITICAL Uncaught ArgumentCountError: Too few arguments to function wc_get_related_products(), 0 passed in /Volumes/Work/Beetroot/e-Shop/wp-content/themes/e-Shop/woocommerce/content-single-product.php on line 527 and at least 1 expected in /Volumes/Work/Beetroot/e-Shop/wp-content/plugins/woocommerce/includes/wc-product-functions.php:876
Stack trace:
#0 /Volumes/Work/Beetroot/e-Shop/wp-content/themes/e-Shop/woocommerce/content-single-product.php(527): wc_get_related_products()
#1 /Volumes/Work/Beetroot/e-Shop/wp-includes/template.php(725): require('/Volumes/Work/B...')
#2 /Volumes/Work/Beetroot/e-Shop/wp-content/plugins/woocommerce/includes/wc-core-functions.php(197): load_template('/Volumes/Work/B...', false)
#3 /Volumes/Work/Beetroot/e-Shop/wp-content/themes/e-Shop/woocommerce/single-product.php(10): wc_get_template_part('content', 'single-product')
#4 /Volumes/Work/Beetroot/e-Shop/wp-includes/template-loader.php(106): include('/Volumes/Work/B...')
#5 /Volumes/Work/Beetroot/e-Shop/wp-blog-header.php(19): require_once у /Volumes/Work/Beetroot/e-Shop/wp-content/plugins/woocommerce/includes/wc-product-functions.php доступно 876

2020-04-20T11:07:05+00:00 CRITICAL Uncaught Error: Call to undefined function woocommerce_upsell_displa() in /Volumes/Work/Beetroot/e-Shop/wp-content/themes/e-Shop/woocommerce/content-single-product.php:526
Stack trace:
#0 /Volumes/Work/Beetroot/e-Shop/wp-includes/template.php(725): require()
#1 /Volumes/Work/Beetroot/e-Shop/wp-content/plugins/woocommerce/includes/wc-core-functions.php(197): load_template('/Volumes/Work/B...', false)
#2 /Volumes/Work/Beetroot/e-Shop/wp-content/themes/e-Shop/woocommerce/single-product.php(10): wc_get_template_part('content', 'single-product')
#3 /Volumes/Work/Beetroot/e-Shop/wp-includes/template-loader.php(106): include('/Volumes/Work/B...')
#4 /Volumes/Work/Beetroot/e-Shop/wp-blog-header.php(19): require_once('/Volumes/Work/B...')
#5 /Volumes/Work/Beetroot/e-Shop/index.php(17): require('/Volumes/Work/B...')
#6 {main}
  thrown у /Volumes/Work/Beetroot/e-Shop/wp-content/themes/e-Shop/woocommerce/content-single-product.php доступно 526

2020-04-20T12:03:47+00:00 CRITICAL Uncaught Error: Call to a member function get_price_html() on null in /Volumes/Work/Beetroot/e-Shop/wp-content/themes/e-Shop/woocommerce/single-product/related.php:27
Stack trace:
#0 /Volumes/Work/Beetroot/e-Shop/wp-content/plugins/woocommerce/includes/wc-core-functions.php(251): include()
#1 /Volumes/Work/Beetroot/e-Shop/wp-content/plugins/woocommerce/includes/wc-template-functions.php(1930): wc_get_template('single-product/...', Array)
#2 /Volumes/Work/Beetroot/e-Shop/wp-content/plugins/woocommerce/includes/wc-template-functions.php(1893): woocommerce_related_products(Array)
#3 /Volumes/Work/Beetroot/e-Shop/wp-content/themes/e-Shop/woocommerce/content-single-product.php(369): woocommerce_output_related_products()
#4 /Volumes/Work/Beetroot/e-Shop/wp-includes/template.php(725): require('/Volumes/Work/B...')
#5 /Volumes/Work/Beetroot/e-Shop/wp-content/plugins/woocommerce/includes/wc-core-functions.php(197): load_template('/Volumes/Work/B...', false)
#6 /Volumes/Work/Beetroot/e-Shop/wp-content/themes/e-Shop/woo у /Volumes/Work/Beetroot/e-Shop/wp-content/themes/e-Shop/woocommerce/single-product/related.php доступно 27

2020-04-20T12:22:51+00:00 CRITICAL Uncaught Error: Call to a member function get_price_html() on null in /Volumes/Work/Beetroot/e-Shop/wp-content/themes/e-Shop/template-parts/product-item.php:14
Stack trace:
#0 /Volumes/Work/Beetroot/e-Shop/wp-includes/template.php(725): require()
#1 /Volumes/Work/Beetroot/e-Shop/wp-includes/template.php(672): load_template('/Volumes/Work/B...', false)
#2 /Volumes/Work/Beetroot/e-Shop/wp-includes/general-template.php(168): locate_template(Array, true, false)
#3 /Volumes/Work/Beetroot/e-Shop/wp-content/themes/e-Shop/woocommerce/taxonomy-product_cat.php(183): get_template_part('template-parts/...')
#4 /Volumes/Work/Beetroot/e-Shop/wp-includes/template-loader.php(106): include('/Volumes/Work/B...')
#5 /Volumes/Work/Beetroot/e-Shop/wp-blog-header.php(19): require_once('/Volumes/Work/B...')
#6 /Volumes/Work/Beetroot/e-Shop/index.php(17): require('/Volumes/Work/B...')
#7 {main}
  thrown у /Volumes/Work/Beetroot/e-Shop/wp-content/themes/e-Shop/template-parts/product-item.php доступно 14

2020-04-20T12:23:59+00:00 CRITICAL Uncaught Error: Call to a member function get_price_html() on null in /Volumes/Work/Beetroot/e-Shop/wp-content/themes/e-Shop/template-parts/product-item.php:13
Stack trace:
#0 /Volumes/Work/Beetroot/e-Shop/wp-includes/template.php(725): require()
#1 /Volumes/Work/Beetroot/e-Shop/wp-includes/template.php(672): load_template('/Volumes/Work/B...', false)
#2 /Volumes/Work/Beetroot/e-Shop/wp-includes/general-template.php(168): locate_template(Array, true, false)
#3 /Volumes/Work/Beetroot/e-Shop/wp-content/themes/e-Shop/woocommerce/taxonomy-product_cat.php(183): get_template_part('template-parts/...')
#4 /Volumes/Work/Beetroot/e-Shop/wp-includes/template-loader.php(106): include('/Volumes/Work/B...')
#5 /Volumes/Work/Beetroot/e-Shop/wp-blog-header.php(19): require_once('/Volumes/Work/B...')
#6 /Volumes/Work/Beetroot/e-Shop/index.php(17): require('/Volumes/Work/B...')
#7 {main}
  thrown у /Volumes/Work/Beetroot/e-Shop/wp-content/themes/e-Shop/template-parts/product-item.php доступно 13

2020-04-20T12:28:11+00:00 CRITICAL Uncaught Error: Call to a member function get_id() on null in /Volumes/Work/Beetroot/e-Shop/wp-content/themes/e-Shop/woocommerce/single-product/related.php:10
Stack trace:
#0 /Volumes/Work/Beetroot/e-Shop/wp-content/plugins/woocommerce/includes/wc-core-functions.php(251): include()
#1 /Volumes/Work/Beetroot/e-Shop/wp-content/plugins/woocommerce/includes/wc-template-functions.php(1930): wc_get_template('single-product/...', Array)
#2 /Volumes/Work/Beetroot/e-Shop/wp-content/themes/e-Shop/woocommerce/content-single-product.php(369): woocommerce_related_products(Array)
#3 /Volumes/Work/Beetroot/e-Shop/wp-includes/template.php(725): require('/Volumes/Work/B...')
#4 /Volumes/Work/Beetroot/e-Shop/wp-content/plugins/woocommerce/includes/wc-core-functions.php(197): load_template('/Volumes/Work/B...', false)
#5 /Volumes/Work/Beetroot/e-Shop/wp-content/themes/e-Shop/woocommerce/single-product.php(10): wc_get_template_part('content', 'single-product')
#6 /Volumes/Work/Beetroot/e-Shop/wp-includes/template-loader.php(106) у /Volumes/Work/Beetroot/e-Shop/wp-content/themes/e-Shop/woocommerce/single-product/related.php доступно 10

